\BOOKMARK [1][-]{section.1}{\376\377\000A\000r\000c\000h\000i\000t\000e\000c\000t\000u\000r\000e\000\040\000V\000P\000C\000\040\000+\000\040\000S\000e\000c\000u\000r\000i\000t\000y\000\040\000G\000r\000o\000u\000p\000s\000\040\000+\000\040\000E\000C\0002\000\040\000I\000n\000s\000t\000a\000n\000c\000e\000s}{}% 1
\BOOKMARK [2][-]{subsection.1.1}{\376\377\000O\000v\000e\000r\000v\000i\000e\000w}{section.1}% 2
\BOOKMARK [2][-]{subsection.1.2}{\376\377\000A\000W\000S\000\040\000V\000P\000C\000\040\000C\000o\000n\000f\000i\000g\000u\000r\000a\000t\000i\000o\000n}{section.1}% 3
\BOOKMARK [2][-]{subsection.1.3}{\376\377\000E\000C\0002\000\040\000I\000n\000s\000t\000a\000n\000c\000e\000s}{section.1}% 4
\BOOKMARK [3][-]{subsubsection.1.3.1}{\376\377\000W\000a\000z\000u\000h\000\040\000S\000e\000r\000v\000e\000r\000\040\000I\000n\000s\000t\000a\000n\000c\000e}{subsection.1.3}% 5
\BOOKMARK [3][-]{subsubsection.1.3.2}{\376\377\000L\000i\000n\000u\000x\000\040\000C\000l\000i\000e\000n\000t\000\040\000I\000n\000s\000t\000a\000n\000c\000e}{subsection.1.3}% 6
\BOOKMARK [3][-]{subsubsection.1.3.3}{\376\377\000W\000i\000n\000d\000o\000w\000s\000\040\000C\000l\000i\000e\000n\000t\000\040\000I\000n\000s\000t\000a\000n\000c\000e}{subsection.1.3}% 7
\BOOKMARK [2][-]{subsection.1.4}{\376\377\000S\000e\000c\000u\000r\000i\000t\000y\000\040\000G\000r\000o\000u\000p\000s\000\040\000C\000o\000n\000f\000i\000g\000u\000r\000a\000t\000i\000o\000n}{section.1}% 8
\BOOKMARK [3][-]{subsubsection.1.4.1}{\376\377\000W\000a\000z\000u\000h\000\040\000S\000e\000r\000v\000e\000r\000\040\000S\000e\000c\000u\000r\000i\000t\000y\000\040\000G\000r\000o\000u\000p}{subsection.1.4}% 9
\BOOKMARK [3][-]{subsubsection.1.4.2}{\376\377\000W\000a\000z\000u\000h\000\040\000C\000l\000i\000e\000n\000t\000s\000\040\000S\000e\000c\000u\000r\000i\000t\000y\000\040\000G\000r\000o\000u\000p}{subsection.1.4}% 10
\BOOKMARK [2][-]{subsection.1.5}{\376\377\000N\000e\000t\000w\000o\000r\000k\000\040\000A\000r\000c\000h\000i\000t\000e\000c\000t\000u\000r\000e\000\040\000D\000i\000a\000g\000r\000a\000m}{section.1}% 11
\BOOKMARK [2][-]{subsection.1.6}{\376\377\000C\000o\000n\000n\000e\000c\000t\000i\000v\000i\000t\000y\000\040\000T\000e\000s\000t\000i\000n\000g}{section.1}% 12
\BOOKMARK [3][-]{subsubsection.1.6.1}{\376\377\000S\000S\000H\000\040\000t\000o\000\040\000W\000a\000z\000u\000h\000\040\000S\000e\000r\000v\000e\000r}{subsection.1.6}% 13
\BOOKMARK [3][-]{subsubsection.1.6.2}{\376\377\000S\000S\000H\000\040\000t\000o\000\040\000L\000i\000n\000u\000x\000\040\000C\000l\000i\000e\000n\000t}{subsection.1.6}% 14
\BOOKMARK [3][-]{subsubsection.1.6.3}{\376\377\000R\000D\000P\000\040\000t\000o\000\040\000W\000i\000n\000d\000o\000w\000s\000\040\000C\000l\000i\000e\000n\000t}{subsection.1.6}% 15
\BOOKMARK [2][-]{subsection.1.7}{\376\377\000I\000n\000f\000r\000a\000s\000t\000r\000u\000c\000t\000u\000r\000e\000\040\000S\000u\000m\000m\000a\000r\000y}{section.1}% 16
\BOOKMARK [1][-]{section.2}{\376\377\000W\000a\000z\000u\000h\000\040\000S\000e\000r\000v\000e\000r\000\040\000S\000e\000t\000u\000p\000\040\000a\000n\000d\000\040\000D\000a\000s\000h\000b\000o\000a\000r\000d}{}% 17
\BOOKMARK [2][-]{subsection.2.1}{\376\377\000W\000a\000z\000u\000h\000\040\000S\000e\000r\000v\000i\000c\000e\000s\000\040\000S\000t\000a\000t\000u\000s}{section.2}% 18
\BOOKMARK [2][-]{subsection.2.2}{\376\377\000W\000a\000z\000u\000h\000\040\000D\000a\000s\000h\000b\000o\000a\000r\000d\000\040\000A\000c\000c\000e\000s\000s}{section.2}% 19
\BOOKMARK [2][-]{subsection.2.3}{\376\377\000A\000g\000e\000n\000t\000\040\000E\000n\000r\000o\000l\000l\000m\000e\000n\000t\000\040\000a\000n\000d\000\040\000S\000t\000a\000t\000u\000s}{section.2}% 20
\BOOKMARK [3][-]{subsubsection.2.3.1}{\376\377\000L\000i\000n\000u\000x\000\040\000A\000g\000e\000n\000t\000\040\000C\000o\000n\000n\000e\000c\000t\000i\000o\000n}{subsection.2.3}% 21
\BOOKMARK [3][-]{subsubsection.2.3.2}{\376\377\000W\000i\000n\000d\000o\000w\000s\000\040\000A\000g\000e\000n\000t\000\040\000C\000o\000n\000n\000e\000c\000t\000i\000o\000n}{subsection.2.3}% 22
\BOOKMARK [2][-]{subsection.2.4}{\376\377\000A\000c\000t\000i\000v\000e\000\040\000A\000g\000e\000n\000t\000s\000\040\000O\000v\000e\000r\000v\000i\000e\000w}{section.2}% 23
\BOOKMARK [1][-]{section.3}{\376\377\000S\000e\000c\000u\000r\000i\000t\000y\000\040\000E\000v\000e\000n\000t\000s\000\040\000-\000\040\000L\000i\000n\000u\000x\000\040\000C\000l\000i\000e\000n\000t}{}% 24
\BOOKMARK [2][-]{subsection.3.1}{\376\377\000A\000l\000e\000r\000t\000\040\0001\000:\000\040\000S\000S\000H\000\040\000B\000r\000u\000t\000e\000\040\000F\000o\000r\000c\000e\000\040\000A\000t\000t\000a\000c\000k}{section.3}% 25
\BOOKMARK [3][-]{subsubsection.3.1.1}{\376\377\000A\000t\000t\000a\000c\000k\000\040\000S\000i\000m\000u\000l\000a\000t\000i\000o\000n}{subsection.3.1}% 26
\BOOKMARK [3][-]{subsubsection.3.1.2}{\376\377\000W\000a\000z\000u\000h\000\040\000D\000e\000t\000e\000c\000t\000i\000o\000n}{subsection.3.1}% 27
\BOOKMARK [3][-]{subsubsection.3.1.3}{\376\377\000E\000v\000e\000n\000t\000\040\000D\000e\000t\000a\000i\000l\000s}{subsection.3.1}% 28
\BOOKMARK [3][-]{subsubsection.3.1.4}{\376\377\000S\000e\000c\000u\000r\000i\000t\000y\000\040\000I\000m\000p\000l\000i\000c\000a\000t\000i\000o\000n}{subsection.3.1}% 29
\BOOKMARK [2][-]{subsection.3.2}{\376\377\000A\000l\000e\000r\000t\000\040\0002\000:\000\040\000P\000r\000i\000v\000i\000l\000e\000g\000e\000\040\000E\000s\000c\000a\000l\000a\000t\000i\000o\000n\000\040\000\050\000S\000u\000d\000o\000\051}{section.3}% 30
\BOOKMARK [3][-]{subsubsection.3.2.1}{\376\377\000W\000a\000z\000u\000h\000\040\000D\000e\000t\000e\000c\000t\000i\000o\000n}{subsection.3.2}% 31
\BOOKMARK [3][-]{subsubsection.3.2.2}{\376\377\000E\000v\000e\000n\000t\000\040\000D\000e\000t\000a\000i\000l\000s}{subsection.3.2}% 32
\BOOKMARK [3][-]{subsubsection.3.2.3}{\376\377\000S\000e\000c\000u\000r\000i\000t\000y\000\040\000I\000m\000p\000l\000i\000c\000a\000t\000i\000o\000n}{subsection.3.2}% 33
\BOOKMARK [2][-]{subsection.3.3}{\376\377\000A\000l\000e\000r\000t\000\040\0003\000:\000\040\000F\000i\000l\000e\000\040\000I\000n\000t\000e\000g\000r\000i\000t\000y\000\040\000M\000o\000n\000i\000t\000o\000r\000i\000n\000g\000\040\000\050\000F\000I\000M\000\051}{section.3}% 34
\BOOKMARK [3][-]{subsubsection.3.3.1}{\376\377\000E\000v\000e\000n\000t\000\040\000D\000e\000t\000a\000i\000l\000s}{subsection.3.3}% 35
\BOOKMARK [3][-]{subsubsection.3.3.2}{\376\377\000S\000e\000c\000u\000r\000i\000t\000y\000\040\000I\000m\000p\000l\000i\000c\000a\000t\000i\000o\000n}{subsection.3.3}% 36
\BOOKMARK [1][-]{section.4}{\376\377\000S\000e\000c\000u\000r\000i\000t\000y\000\040\000E\000v\000e\000n\000t\000s\000\040\000-\000\040\000W\000i\000n\000d\000o\000w\000s\000\040\000C\000l\000i\000e\000n\000t}{}% 37
\BOOKMARK [2][-]{subsection.4.1}{\376\377\000A\000l\000e\000r\000t\000\040\0001\000:\000\040\000F\000a\000i\000l\000e\000d\000\040\000L\000o\000g\000o\000n\000\040\000A\000t\000t\000e\000m\000p\000t\000s}{section.4}% 38
\BOOKMARK [3][-]{subsubsection.4.1.1}{\376\377\000W\000a\000z\000u\000h\000\040\000D\000e\000t\000e\000c\000t\000i\000o\000n}{subsection.4.1}% 39
\BOOKMARK [3][-]{subsubsection.4.1.2}{\376\377\000E\000v\000e\000n\000t\000\040\000D\000e\000t\000a\000i\000l\000s}{subsection.4.1}% 40
\BOOKMARK [3][-]{subsubsection.4.1.3}{\376\377\000S\000e\000c\000u\000r\000i\000t\000y\000\040\000I\000m\000p\000l\000i\000c\000a\000t\000i\000o\000n}{subsection.4.1}% 41
\BOOKMARK [2][-]{subsection.4.2}{\376\377\000A\000l\000e\000r\000t\000\040\0002\000:\000\040\000U\000s\000e\000r\000\040\000A\000c\000c\000o\000u\000n\000t\000\040\000C\000r\000e\000a\000t\000i\000o\000n\000\040\000a\000n\000d\000\040\000G\000r\000o\000u\000p\000\040\000M\000o\000d\000i\000f\000i\000c\000a\000t\000i\000o\000n\000\040\000\050\000I\000A\000M\000\051}{section.4}% 42
\BOOKMARK [3][-]{subsubsection.4.2.1}{\376\377\000W\000a\000z\000u\000h\000\040\000D\000e\000t\000e\000c\000t\000i\000o\000n}{subsection.4.2}% 43
\BOOKMARK [3][-]{subsubsection.4.2.2}{\376\377\000E\000v\000e\000n\000t\000\040\000D\000e\000t\000a\000i\000l\000s\000\040\000-\000\040\000U\000s\000e\000r\000\040\000C\000r\000e\000a\000t\000i\000o\000n\000\040\000\050\0004\0007\0002\0000\000\051}{subsection.4.2}% 44
\BOOKMARK [3][-]{subsubsection.4.2.3}{\376\377\000E\000v\000e\000n\000t\000\040\000D\000e\000t\000a\000i\000l\000s\000\040\000-\000\040\000G\000r\000o\000u\000p\000\040\000M\000o\000d\000i\000f\000i\000c\000a\000t\000i\000o\000n\000\040\000\050\0004\0007\0003\0002\000\051}{subsection.4.2}% 45
\BOOKMARK [3][-]{subsubsection.4.2.4}{\376\377\000S\000e\000c\000u\000r\000i\000t\000y\000\040\000I\000m\000p\000l\000i\000c\000a\000t\000i\000o\000n}{subsection.4.2}% 46
\BOOKMARK [2][-]{subsection.4.3}{\376\377\000A\000l\000e\000r\000t\000\040\0003\000:\000\040\000S\000y\000s\000m\000o\000n\000\040\000P\000r\000o\000c\000e\000s\000s\000\040\000C\000r\000e\000a\000t\000i\000o\000n\000\040\000\050\000E\000D\000R\000\051}{section.4}% 47
\BOOKMARK [3][-]{subsubsection.4.3.1}{\376\377\000S\000y\000s\000m\000o\000n\000\040\000E\000v\000e\000n\000t\000s\000\040\000i\000n\000\040\000W\000a\000z\000u\000h}{subsection.4.3}% 48
\BOOKMARK [3][-]{subsubsection.4.3.2}{\376\377\000E\000v\000e\000n\000t\000\040\000D\000e\000t\000a\000i\000l\000s}{subsection.4.3}% 49
\BOOKMARK [3][-]{subsubsection.4.3.3}{\376\377\000E\000D\000R\000\040\000V\000a\000l\000u\000e}{subsection.4.3}% 50
\BOOKMARK [1][-]{section.5}{\376\377\000S\000I\000E\000M\000\040\000v\000s\000\040\000E\000D\000R\000\040\000-\000\040\000C\000o\000m\000p\000a\000r\000a\000t\000i\000v\000e\000\040\000A\000n\000a\000l\000y\000s\000i\000s}{}% 51
\BOOKMARK [2][-]{subsection.5.1}{\376\377\000S\000I\000E\000M\000\040\000\050\000S\000e\000c\000u\000r\000i\000t\000y\000\040\000I\000n\000f\000o\000r\000m\000a\000t\000i\000o\000n\000\040\000a\000n\000d\000\040\000E\000v\000e\000n\000t\000\040\000M\000a\000n\000a\000g\000e\000m\000e\000n\000t\000\051}{section.5}% 52
\BOOKMARK [3][-]{subsubsection.5.1.1}{\376\377\000K\000e\000y\000\040\000C\000a\000p\000a\000b\000i\000l\000i\000t\000i\000e\000s\000\040\000D\000e\000m\000o\000n\000s\000t\000r\000a\000t\000e\000d\000\040\000i\000n\000\040\000L\000a\000b}{subsection.5.1}% 53
\BOOKMARK [3][-]{subsubsection.5.1.2}{\376\377\000L\000a\000b\000\040\000U\000s\000e\000\040\000C\000a\000s\000e\000s}{subsection.5.1}% 54
\BOOKMARK [3][-]{subsubsection.5.1.3}{\376\377\000S\000t\000r\000e\000n\000g\000t\000h\000s\000\040\000\046\000\040\000L\000i\000m\000i\000t\000a\000t\000i\000o\000n\000s}{subsection.5.1}% 55
\BOOKMARK [2][-]{subsection.5.2}{\376\377\000E\000D\000R\000\040\000\050\000E\000n\000d\000p\000o\000i\000n\000t\000\040\000D\000e\000t\000e\000c\000t\000i\000o\000n\000\040\000a\000n\000d\000\040\000R\000e\000s\000p\000o\000n\000s\000e\000\051}{section.5}% 56
\BOOKMARK [3][-]{subsubsection.5.2.1}{\376\377\000K\000e\000y\000\040\000C\000a\000p\000a\000b\000i\000l\000i\000t\000i\000e\000s\000\040\000D\000e\000m\000o\000n\000s\000t\000r\000a\000t\000e\000d\000\040\000i\000n\000\040\000L\000a\000b}{subsection.5.2}% 57
\BOOKMARK [3][-]{subsubsection.5.2.2}{\376\377\000L\000a\000b\000\040\000U\000s\000e\000\040\000C\000a\000s\000e\000s}{subsection.5.2}% 58
\BOOKMARK [3][-]{subsubsection.5.2.3}{\376\377\000S\000t\000r\000e\000n\000g\000t\000h\000s\000\040\000\046\000\040\000L\000i\000m\000i\000t\000a\000t\000i\000o\000n\000s}{subsection.5.2}% 59
\BOOKMARK [2][-]{subsection.5.3}{\376\377\000W\000a\000z\000u\000h\000:\000\040\000U\000n\000i\000f\000i\000e\000d\000\040\000S\000I\000E\000M\000\040\000+\000\040\000E\000D\000R\000\040\000P\000l\000a\000t\000f\000o\000r\000m}{section.5}% 60
\BOOKMARK [3][-]{subsubsection.5.3.1}{\376\377\000D\000e\000m\000o\000n\000s\000t\000r\000a\000t\000e\000d\000\040\000I\000n\000t\000e\000g\000r\000a\000t\000i\000o\000n\000\040\000B\000e\000n\000e\000f\000i\000t\000s}{subsection.5.3}% 61
\BOOKMARK [1][-]{section.6}{\376\377\000I\000d\000e\000n\000t\000i\000t\000y\000\040\000a\000n\000d\000\040\000A\000c\000c\000e\000s\000s\000\040\000M\000a\000n\000a\000g\000e\000m\000e\000n\000t\000\040\000\050\000I\000A\000M\000\051\000\040\000\046\000\040\000P\000r\000i\000v\000i\000l\000e\000g\000e\000d\000\040\000A\000c\000c\000e\000s\000s\000\040\000M\000a\000n\000a\000g\000e\000m\000e\000n\000t\000\040\000\050\000P\000A\000M\000\051}{}% 62
\BOOKMARK [2][-]{subsection.6.1}{\376\377\000I\000A\000M\000\040\000C\000o\000n\000c\000e\000p\000t\000s\000\040\000D\000e\000m\000o\000n\000s\000t\000r\000a\000t\000e\000d}{section.6}% 63
\BOOKMARK [3][-]{subsubsection.6.1.1}{\376\377\000A\000u\000t\000h\000e\000n\000t\000i\000c\000a\000t\000i\000o\000n\000\040\000M\000o\000n\000i\000t\000o\000r\000i\000n\000g}{subsection.6.1}% 64
\BOOKMARK [3][-]{subsubsection.6.1.2}{\376\377\000A\000c\000c\000o\000u\000n\000t\000\040\000L\000i\000f\000e\000c\000y\000c\000l\000e\000\040\000M\000a\000n\000a\000g\000e\000m\000e\000n\000t}{subsection.6.1}% 65
\BOOKMARK [3][-]{subsubsection.6.1.3}{\376\377\000A\000u\000t\000h\000o\000r\000i\000z\000a\000t\000i\000o\000n\000\040\000\046\000\040\000P\000r\000i\000v\000i\000l\000e\000g\000e\000\040\000C\000h\000a\000n\000g\000e\000s}{subsection.6.1}% 66
\BOOKMARK [3][-]{subsubsection.6.1.4}{\376\377\000I\000d\000e\000n\000t\000i\000t\000y\000-\000B\000a\000s\000e\000d\000\040\000T\000h\000r\000e\000a\000t\000\040\000D\000e\000t\000e\000c\000t\000i\000o\000n}{subsection.6.1}% 67
\BOOKMARK [2][-]{subsection.6.2}{\376\377\000P\000A\000M\000\040\000\050\000P\000r\000i\000v\000i\000l\000e\000g\000e\000d\000\040\000A\000c\000c\000e\000s\000s\000\040\000M\000a\000n\000a\000g\000e\000m\000e\000n\000t\000\051\000\040\000R\000e\000l\000e\000v\000a\000n\000c\000e}{section.6}% 68
\BOOKMARK [3][-]{subsubsection.6.2.1}{\376\377\000P\000r\000i\000v\000i\000l\000e\000g\000e\000d\000\040\000A\000c\000t\000i\000v\000i\000t\000y\000\040\000M\000o\000n\000i\000t\000o\000r\000i\000n\000g}{subsection.6.2}% 69
\BOOKMARK [3][-]{subsubsection.6.2.2}{\376\377\000C\000o\000m\000p\000l\000i\000a\000n\000c\000e\000\040\000S\000u\000p\000p\000o\000r\000t}{subsection.6.2}% 70
\BOOKMARK [2][-]{subsection.6.3}{\376\377\000L\000a\000b\000\040\000D\000e\000m\000o\000n\000s\000t\000r\000a\000t\000i\000o\000n\000\040\000S\000u\000m\000m\000a\000r\000y}{section.6}% 71
\BOOKMARK [1][-]{section.7}{\376\377\000T\000h\000r\000e\000a\000t\000\040\000H\000u\000n\000t\000i\000n\000g\000\040\000-\000\040\000S\000a\000m\000p\000l\000e\000\040\000Q\000u\000e\000r\000i\000e\000s\000\040\000\046\000\040\000A\000n\000a\000l\000y\000s\000i\000s}{}% 72
\BOOKMARK [2][-]{subsection.7.1}{\376\377\000Q\000u\000e\000r\000y\000\040\0001\000:\000\040\000F\000a\000i\000l\000e\000d\000\040\000A\000u\000t\000h\000e\000n\000t\000i\000c\000a\000t\000i\000o\000n\000\040\000A\000n\000a\000l\000y\000s\000i\000s}{section.7}% 73
\BOOKMARK [3][-]{subsubsection.7.1.1}{\376\377\000W\000a\000z\000u\000h\000\040\000Q\000u\000e\000r\000y}{subsection.7.1}% 74
\BOOKMARK [3][-]{subsubsection.7.1.2}{\376\377\000A\000n\000a\000l\000y\000s\000i\000s\000\040\000A\000p\000p\000r\000o\000a\000c\000h}{subsection.7.1}% 75
\BOOKMARK [3][-]{subsubsection.7.1.3}{\376\377\000D\000e\000t\000e\000c\000t\000i\000o\000n\000\040\000I\000n\000d\000i\000c\000a\000t\000o\000r\000s}{subsection.7.1}% 76
\BOOKMARK [3][-]{subsubsection.7.1.4}{\376\377\000R\000e\000s\000p\000o\000n\000s\000e\000\040\000A\000c\000t\000i\000o\000n\000s}{subsection.7.1}% 77
\BOOKMARK [2][-]{subsection.7.2}{\376\377\000Q\000u\000e\000r\000y\000\040\0002\000:\000\040\000P\000r\000i\000v\000i\000l\000e\000g\000e\000d\000\040\000A\000c\000c\000o\000u\000n\000t\000\040\000A\000c\000t\000i\000v\000i\000t\000y}{section.7}% 78
\BOOKMARK [3][-]{subsubsection.7.2.1}{\376\377\000W\000a\000z\000u\000h\000\040\000Q\000u\000e\000r\000y}{subsection.7.2}% 79
\BOOKMARK [3][-]{subsubsection.7.2.2}{\376\377\000A\000n\000a\000l\000y\000s\000i\000s\000\040\000A\000p\000p\000r\000o\000a\000c\000h}{subsection.7.2}% 80
\BOOKMARK [3][-]{subsubsection.7.2.3}{\376\377\000D\000e\000t\000e\000c\000t\000i\000o\000n\000\040\000I\000n\000d\000i\000c\000a\000t\000o\000r\000s}{subsection.7.2}% 81
\BOOKMARK [3][-]{subsubsection.7.2.4}{\376\377\000R\000e\000s\000p\000o\000n\000s\000e\000\040\000A\000c\000t\000i\000o\000n\000s}{subsection.7.2}% 82
\BOOKMARK [2][-]{subsection.7.3}{\376\377\000Q\000u\000e\000r\000y\000\040\0003\000:\000\040\000P\000r\000o\000c\000e\000s\000s\000\040\000A\000n\000o\000m\000a\000l\000y\000\040\000D\000e\000t\000e\000c\000t\000i\000o\000n\000\040\000\050\000E\000D\000R\000\051}{section.7}% 83
\BOOKMARK [3][-]{subsubsection.7.3.1}{\376\377\000W\000a\000z\000u\000h\000\040\000Q\000u\000e\000r\000y}{subsection.7.3}% 84
\BOOKMARK [3][-]{subsubsection.7.3.2}{\376\377\000A\000n\000a\000l\000y\000s\000i\000s\000\040\000A\000p\000p\000r\000o\000a\000c\000h}{subsection.7.3}% 85
\BOOKMARK [3][-]{subsubsection.7.3.3}{\376\377\000D\000e\000t\000e\000c\000t\000i\000o\000n\000\040\000I\000n\000d\000i\000c\000a\000t\000o\000r\000s}{subsection.7.3}% 86
\BOOKMARK [3][-]{subsubsection.7.3.4}{\376\377\000R\000e\000s\000p\000o\000n\000s\000e\000\040\000A\000c\000t\000i\000o\000n\000s}{subsection.7.3}% 87
\BOOKMARK [2][-]{subsection.7.4}{\376\377\000T\000h\000r\000e\000a\000t\000\040\000H\000u\000n\000t\000i\000n\000g\000\040\000B\000e\000s\000t\000\040\000P\000r\000a\000c\000t\000i\000c\000e\000s}{section.7}% 88
\BOOKMARK [1][-]{section.8}{\376\377\000C\000o\000n\000c\000l\000u\000s\000i\000o\000n}{}% 89
\BOOKMARK [2][-]{subsection.8.1}{\376\377\000T\000e\000c\000h\000n\000i\000c\000a\000l\000\040\000A\000c\000h\000i\000e\000v\000e\000m\000e\000n\000t\000s}{section.8}% 90
\BOOKMARK [2][-]{subsection.8.2}{\376\377\000S\000e\000c\000u\000r\000i\000t\000y\000\040\000C\000o\000n\000c\000e\000p\000t\000s\000\040\000V\000a\000l\000i\000d\000a\000t\000e\000d}{section.8}% 91
\BOOKMARK [2][-]{subsection.8.3}{\376\377\000O\000p\000e\000r\000a\000t\000i\000o\000n\000a\000l\000\040\000V\000a\000l\000u\000e}{section.8}% 92
