This is pdfTeX, Version 3.141592653-2.6-1.40.25 (MiKTeX 24.1) (preloaded format=pdflatex 2025.11.6)  8 JAN 2026 20:11
entering extended mode
 restricted \write18 enabled.
 file:line:error style messages enabled.
 %&-line parsing enabled.
**"c:/Users/Alienware/Documents/CCN2/S3/Cloud Computing/Cloud-SIEM-EDR-Wazuh/report/main.tex"
(c:/Users/Alienware/Documents/CCN2/S3/Cloud Computing/Cloud-SIEM-EDR-Wazuh/report/main.tex
LaTeX2e <2023-11-01> patch level 1
L3 programming layer <2024-01-04>
(rapportENSET.cls (C:\Users\Alienware\AppData\Local\Programs\MiKTeX\tex/latex/base\article.cls
Document Class: article 2023/05/17 v1.4n Standard LaTeX document class
(C:\Users\Alienware\AppData\Local\Programs\MiKTeX\tex/latex/base\size12.clo
File: size12.clo 2023/05/17 v1.4n Standard LaTeX file (size option)
)
\c@part=\count187
\c@section=\count188
\c@subsection=\count189
\c@subsubsection=\count190
\c@paragraph=\count191
\c@subparagraph=\count192
\c@figure=\count193
\c@table=\count194
\abovecaptionskip=\skip48
\belowcaptionskip=\skip49
\bibindent=\dimen140
) (C:\Users\Alienware\AppData\Local\Programs\MiKTeX\tex/generic/babel\babel.sty
Package: babel 2024/01/07 v24.1 The Babel package
\babel@savecnt=\count195
\U@D=\dimen141
\l@unhyphenated=\language79
 (C:\Users\Alienware\AppData\Local\Programs\MiKTeX\tex/generic/babel\txtbabel.def)
\bbl@readstream=\read2
\bbl@dirlevel=\count196

*************************************
* Local config file bblopts.cfg used
*
(C:\Users\Alienware\AppData\Local\Programs\MiKTeX\tex/latex/arabi\bblopts.cfg
File: bblopts.cfg 2005/09/08 v0.1 add Arabic and Farsi to "declared" options of babel
) (C:\Users\Alienware\AppData\Local\Programs\MiKTeX\tex/generic/babel-french\french.ldf
Language: french 2025-08-15 v4.0e French support from the babel system
 (C:\Users\Alienware\AppData\Local\Programs\MiKTeX\tex/generic/babel-french\french3.ldf
Language: french 2025-08-15 v3.7e French support from the babel system
\FB@stdchar=\count197
Package babel Info: Making : an active character on input line 273.
Package babel Info: Making ; an active character on input line 274.
Package babel Info: Making ! an active character on input line 275.
Package babel Info: Making ? an active character on input line 276.
\FBguill@level=\count198
\FBold@everypar=\toks17
\FB@Mht=\dimen142
\mc@charclass=\count199
\mc@charfam=\count266
\mc@charslot=\count267
\std@mcc=\count268
\dec@mcc=\count269
\FB@pardim=\dimen143
\listindentFB=\dimen144
\descindentFB=\dimen145
\labelindentFB=\dimen146
\labelwidthFB=\dimen147
\leftmarginFB=\dimen148
\parindentFFN=\dimen149
\FBfnindent=\dimen150
))) (C:\Users\Alienware\AppData\Local\Programs\MiKTeX\tex/generic/babel/locale/fr\babel-french.tex
Package babel Info: Importing font and identification data for french
(babel)             from babel-fr.ini. Reported on input line 11.
) (C:\Users\Alienware\AppData\Local\Programs\MiKTeX\tex/latex/carlisle\scalefnt.sty) (C:\Users\Alienware\AppData\Local\Programs\MiKTeX\tex/latex/base\inputenc.sty
Package: inputenc 2021/02/14 v1.3d Input encoding file
\inpenc@prehook=\toks18
\inpenc@posthook=\toks19
) (C:\Users\Alienware\AppData\Local\Programs\MiKTeX\tex/latex/placeins\placeins.sty
Package: placeins 2005/04/18  v 2.2
) (C:\Users\Alienware\AppData\Local\Programs\MiKTeX\tex/latex/base\fontenc.sty
Package: fontenc 2021/04/29 v2.0v Standard LaTeX package
) (C:\Users\Alienware\AppData\Local\Programs\MiKTeX\tex/latex/mathtools\mathtools.sty
Package: mathtools 2024/10/04 v1.31 mathematical typesetting tools
 (C:\Users\Alienware\AppData\Local\Programs\MiKTeX\tex/latex/graphics\keyval.sty
Package: keyval 2022/05/29 v1.15 key=value parser (DPC)
\KV@toks@=\toks20
) (C:\Users\Alienware\AppData\Local\Programs\MiKTeX\tex/latex/tools\calc.sty
Package: calc 2023/07/08 v4.3 Infix arithmetic (KKT,FJ)
\calc@Acount=\count270
\calc@Bcount=\count271
\calc@Adimen=\dimen151
\calc@Bdimen=\dimen152
\calc@Askip=\skip50
\calc@Bskip=\skip51
LaTeX Info: Redefining \setlength on input line 80.
LaTeX Info: Redefining \addtolength on input line 81.
\calc@Ccount=\count272
\calc@Cskip=\skip52
) (C:\Users\Alienware\AppData\Local\Programs\MiKTeX\tex/latex/mathtools\mhsetup.sty
Package: mhsetup 2021/03/18 v1.4 programming setup (MH)
) (C:\Users\Alienware\AppData\Local\Programs\MiKTeX\tex/latex/amsmath\amsmath.sty
Package: amsmath 2023/05/13 v2.17o AMS math features
\@mathmargin=\skip53

For additional information on amsmath, use the `?' option.
(C:\Users\Alienware\AppData\Local\Programs\MiKTeX\tex/latex/amsmath\amstext.sty
Package: amstext 2021/08/26 v2.01 AMS text
 (C:\Users\Alienware\AppData\Local\Programs\MiKTeX\tex/latex/amsmath\amsgen.sty
File: amsgen.sty 1999/11/30 v2.0 generic functions
\@emptytoks=\toks21
\ex@=\dimen153
)) (C:\Users\Alienware\AppData\Local\Programs\MiKTeX\tex/latex/amsmath\amsbsy.sty
Package: amsbsy 1999/11/29 v1.2d Bold Symbols
\pmbraise@=\dimen154
) (C:\Users\Alienware\AppData\Local\Programs\MiKTeX\tex/latex/amsmath\amsopn.sty
Package: amsopn 2022/04/08 v2.04 operator names
)
\inf@bad=\count273
LaTeX Info: Redefining \frac on input line 234.
\uproot@=\count274
\leftroot@=\count275
LaTeX Info: Redefining \overline on input line 399.
LaTeX Info: Redefining \colon on input line 410.
\classnum@=\count276
\DOTSCASE@=\count277
LaTeX Info: Redefining \ldots on input line 496.
LaTeX Info: Redefining \dots on input line 499.
LaTeX Info: Redefining \cdots on input line 620.
\Mathstrutbox@=\box51
\strutbox@=\box52
LaTeX Info: Redefining \big on input line 722.
LaTeX Info: Redefining \Big on input line 723.
LaTeX Info: Redefining \bigg on input line 724.
LaTeX Info: Redefining \Bigg on input line 725.
\big@size=\dimen155
LaTeX Font Info:    Redeclaring font encoding OML on input line 743.
LaTeX Font Info:    Redeclaring font encoding OMS on input line 744.
\macc@depth=\count278
LaTeX Info: Redefining \bmod on input line 905.
LaTeX Info: Redefining \pmod on input line 910.
LaTeX Info: Redefining \smash on input line 940.
LaTeX Info: Redefining \relbar on input line 970.
LaTeX Info: Redefining \Relbar on input line 971.
\c@MaxMatrixCols=\count279
\dotsspace@=\muskip16
\c@parentequation=\count280
\dspbrk@lvl=\count281
\tag@help=\toks22
\row@=\count282
\column@=\count283
\maxfields@=\count284
\andhelp@=\toks23
\eqnshift@=\dimen156
\alignsep@=\dimen157
\tagshift@=\dimen158
\tagwidth@=\dimen159
\totwidth@=\dimen160
\lineht@=\dimen161
\@envbody=\toks24
\multlinegap=\skip54
\multlinetaggap=\skip55
\mathdisplay@stack=\toks25
LaTeX Info: Redefining \[ on input line 2953.
LaTeX Info: Redefining \] on input line 2954.
)
\g_MT_multlinerow_int=\count285
\l_MT_multwidth_dim=\dimen162
\origjot=\skip56
\l_MT_shortvdotswithinadjustabove_dim=\dimen163
\l_MT_shortvdotswithinadjustbelow_dim=\dimen164
\l_MT_above_intertext_sep=\dimen165
\l_MT_below_intertext_sep=\dimen166
\l_MT_above_shortintertext_sep=\dimen167
\l_MT_below_shortintertext_sep=\dimen168
\xmathstrut@box=\box53
\xmathstrut@dim=\dimen169
) (C:\Users\Alienware\AppData\Local\Programs\MiKTeX\tex/latex/siunitx\siunitx.sty
Package: siunitx 2025-07-09 v3.4.14 A comprehensive (SI) units package
\l__siunitx_number_uncert_offset_int=\count286
\l__siunitx_number_exponent_fixed_int=\count287
\l__siunitx_number_min_decimal_int=\count288
\l__siunitx_number_min_integer_int=\count289
\l__siunitx_number_round_precision_int=\count290
\l__siunitx_number_lower_threshold_int=\count291
\l__siunitx_number_upper_threshold_int=\count292
\l__siunitx_number_group_first_int=\count293
\l__siunitx_number_group_size_int=\count294
\l__siunitx_number_group_minimum_int=\count295
\l__siunitx_angle_tmp_dim=\dimen170
\l__siunitx_angle_marker_box=\box54
\l__siunitx_angle_unit_box=\box55
\l__siunitx_compound_count_int=\count296
 (C:\Users\Alienware\AppData\Local\Programs\MiKTeX\tex/latex/translations\translations.sty
Package: translations 2022/02/05 v1.12 internationalization of LaTeX2e packages (CN)
 (C:\Users\Alienware\AppData\Local\Programs\MiKTeX\tex/latex/etoolbox\etoolbox.sty
Package: etoolbox 2020/10/05 v2.5k e-TeX tools for LaTeX (JAW)
\etb@tempcnta=\count297
) (C:\Users\Alienware\AppData\Local\Programs\MiKTeX\tex/generic/pdftexcmds\pdftexcmds.sty
Package: pdftexcmds 2020-06-27 v0.33 Utility functions of pdfTeX for LuaTeX (HO)
 (C:\Users\Alienware\AppData\Local\Programs\MiKTeX\tex/generic/infwarerr\infwarerr.sty
Package: infwarerr 2019/12/03 v1.5 Providing info/warning/error messages (HO)
) (C:\Users\Alienware\AppData\Local\Programs\MiKTeX\tex/generic/iftex\iftex.sty
Package: iftex 2022/02/03 v1.0f TeX engine tests
) (C:\Users\Alienware\AppData\Local\Programs\MiKTeX\tex/generic/ltxcmds\ltxcmds.sty
Package: ltxcmds 2023-12-04 v1.26 LaTeX kernel commands for general use (HO)
)
Package pdftexcmds Info: \pdf@primitive is available.
Package pdftexcmds Info: \pdf@ifprimitive is available.
Package pdftexcmds Info: \pdfdraftmode found.
))
\l__siunitx_table_tmp_box=\box56
\l__siunitx_table_tmp_dim=\dimen171
\l__siunitx_table_column_width_dim=\dimen172
\l__siunitx_table_integer_box=\box57
\l__siunitx_table_decimal_box=\box58
\l__siunitx_table_uncert_box=\box59
\l__siunitx_table_before_box=\box60
\l__siunitx_table_after_box=\box61
\l__siunitx_table_before_dim=\dimen173
\l__siunitx_table_carry_dim=\dimen174
\l__siunitx_unit_tmp_int=\count298
\l__siunitx_unit_position_int=\count299
\l__siunitx_unit_total_int=\count300
 (C:\Users\Alienware\AppData\Local\Programs\MiKTeX\tex/latex/tools\array.sty
Package: array 2023/10/16 v2.5g Tabular extension package (FMi)
\col@sep=\dimen175
\ar@mcellbox=\box62
\extrarowheight=\dimen176
\NC@list=\toks26
\extratabsurround=\skip57
\backup@length=\skip58
\ar@cellbox=\box63
)) (C:\Users\Alienware\AppData\Local\Programs\MiKTeX\tex/latex/float\float.sty
Package: float 2001/11/08 v1.3d Float enhancements (AL)
\c@float@type=\count301
\float@exts=\toks27
\float@box=\box64
\@float@everytoks=\toks28
\@floatcapt=\box65
) (C:\Users\Alienware\AppData\Local\Programs\MiKTeX\tex/latex/graphics\graphicx.sty
Package: graphicx 2021/09/16 v1.2d Enhanced LaTeX Graphics (DPC,SPQR)
 (C:\Users\Alienware\AppData\Local\Programs\MiKTeX\tex/latex/graphics\graphics.sty
Package: graphics 2022/03/10 v1.4e Standard LaTeX Graphics (DPC,SPQR)
 (C:\Users\Alienware\AppData\Local\Programs\MiKTeX\tex/latex/graphics\trig.sty
Package: trig 2021/08/11 v1.11 sin cos tan (DPC)
) (C:\Users\Alienware\AppData\Local\Programs\MiKTeX\tex/latex/graphics-cfg\graphics.cfg
File: graphics.cfg 2016/06/04 v1.11 sample graphics configuration
)
Package graphics Info: Driver file: pdftex.def on input line 107.
 (C:\Users\Alienware\AppData\Local\Programs\MiKTeX\tex/latex/graphics-def\pdftex.def
File: pdftex.def 2022/09/22 v1.2b Graphics/color driver for pdftex
))
\Gin@req@height=\dimen177
\Gin@req@width=\dimen178
) (C:\Users\Alienware\AppData\Local\Programs\MiKTeX\tex/latex/caption\caption.sty
Package: caption 2023/08/05 v3.6o Customizing captions (AR)
 (C:\Users\Alienware\AppData\Local\Programs\MiKTeX\tex/latex/caption\caption3.sty
Package: caption3 2023/07/31 v2.4d caption3 kernel (AR)
\caption@tempdima=\dimen179
\captionmargin=\dimen180
\caption@leftmargin=\dimen181
\caption@rightmargin=\dimen182
\caption@width=\dimen183
\caption@indent=\dimen184
\caption@parindent=\dimen185
\caption@hangindent=\dimen186
Package caption Info: Standard document class detected.
Package caption Info: french babel package is loaded.
)
\c@caption@flags=\count302
\c@continuedfloat=\count303
Package caption Info: float package is loaded.
) (C:\Users\Alienware\AppData\Local\Programs\MiKTeX\tex/latex/caption\subcaption.sty
Package: subcaption 2023/07/28 v1.6b Sub-captions (AR)
Package caption Info: New subtype `subfigure' on input line 238.
\c@subfigure=\count304
Package caption Info: New subtype `subtable' on input line 238.
\c@subtable=\count305
) (C:\Users\Alienware\AppData\Local\Programs\MiKTeX\tex/latex/wallpaper\wallpaper.sty
Package: wallpaper 2005/01/18, v1.01 easy wallpaper formatting (MHFW)
 (C:\Users\Alienware\AppData\Local\Programs\MiKTeX\tex/latex/base\ifthen.sty
Package: ifthen 2022/04/13 v1.1d Standard LaTeX ifthen package (DPC)
) (C:\Users\Alienware\AppData\Local\Programs\MiKTeX\tex/latex/eso-pic\eso-pic.sty
Package: eso-pic 2023/05/03 v3.0c eso-pic (RN)
\ESO@tempdima=\dimen187
\ESO@tempdimb=\dimen188
 (C:\Users\Alienware\AppData\Local\Programs\MiKTeX\tex/latex/xcolor\xcolor.sty
Package: xcolor 2023/11/15 v3.01 LaTeX color extensions (UK)
 (C:\Users\Alienware\AppData\Local\Programs\MiKTeX\tex/latex/graphics-cfg\color.cfg
File: color.cfg 2016/01/02 v1.6 sample color configuration
)
Package xcolor Info: Driver file: pdftex.def on input line 274.
 (C:\Users\Alienware\AppData\Local\Programs\MiKTeX\tex/latex/graphics\mathcolor.ltx)
Package xcolor Info: Model `cmy' substituted by `cmy0' on input line 1350.
Package xcolor Info: Model `hsb' substituted by `rgb' on input line 1354.
Package xcolor Info: Model `RGB' extended on input line 1366.
Package xcolor Info: Model `HTML' substituted by `rgb' on input line 1368.
Package xcolor Info: Model `Hsb' substituted by `hsb' on input line 1369.
Package xcolor Info: Model `tHsb' substituted by `hsb' on input line 1370.
Package xcolor Info: Model `HSB' substituted by `hsb' on input line 1371.
Package xcolor Info: Model `Gray' substituted by `gray' on input line 1372.
Package xcolor Info: Model `wave' substituted by `hsb' on input line 1373.
))
\wpXoffset=\skip59
\wpYoffset=\skip60
\tileXoffset=\skip61
\tileYoffset=\skip62
\tilewidth=\skip63
\tileheight=\skip64
\tileX=\skip65
\tileY=\skip66
) (C:\Users\Alienware\AppData\Local\Programs\MiKTeX\tex/latex/nomencl\nomencl.sty
Package: nomencl 2021/11/10 v5.6 Nomenclature package
 (C:\Users\Alienware\AppData\Local\Programs\MiKTeX\tex/latex/xkeyval\xkeyval.sty
Package: xkeyval 2022/06/16 v2.9 package option processing (HA)
 (C:\Users\Alienware\AppData\Local\Programs\MiKTeX\tex/generic/xkeyval\xkeyval.tex (C:\Users\Alienware\AppData\Local\Programs\MiKTeX\tex/generic/xkeyval\xkvutils.tex
\XKV@toks=\toks29
\XKV@tempa@toks=\toks30
)
\XKV@depth=\count306
File: xkeyval.tex 2014/12/03 v2.7a key=value parser (HA)
)) (C:\Users\Alienware\AppData\Local\Programs\MiKTeX\tex/latex/koma-script\tocbasic.sty
Package: tocbasic 2025/09/09 v3.48 KOMA-Script package (handling toc-files)
 (C:\Users\Alienware\AppData\Local\Programs\MiKTeX\tex/latex/koma-script\scrbase.sty
Package: scrbase 2025/09/09 v3.48 KOMA-Script package (KOMA-Script-independent basics and keyval usage)
 (C:\Users\Alienware\AppData\Local\Programs\MiKTeX\tex/latex/koma-script\scrlfile.sty
Package: scrlfile 2025/09/09 v3.48 KOMA-Script package (file load hooks)
 (C:\Users\Alienware\AppData\Local\Programs\MiKTeX\tex/latex/koma-script\scrlfile-hook.sty
Package: scrlfile-hook 2025/09/09 v3.48 KOMA-Script package (using LaTeX hooks)
 (C:\Users\Alienware\AppData\Local\Programs\MiKTeX\tex/latex/koma-script\scrlogo.sty
Package: scrlogo 2025/09/09 v3.48 KOMA-Script package (logo)
)))
Applying: [2021/05/01] Usage of raw or classic option list on input line 254.
Already applied: [0000/00/00] Usage of raw or classic option list on input line 370.
)
\scr@dte@tocline@numberwidth=\skip67
\scr@dte@tocline@numbox=\box66
)
Package tocbasic Info: setting babel extension for `nlo' on input line 187.
Package tocbasic Info: setting babel extension for `nls' on input line 188.
\nomlabelwidth=\dimen189
\nom@tempdim=\dimen190
\nomitemsep=\skip68
) (C:\Users\Alienware\AppData\Local\Programs\MiKTeX\tex/latex/fancyhdr\fancyhdr.sty
Package: fancyhdr 2025/02/07 v5.2 Extensive control of page headers and footers
\f@nch@headwidth=\skip69
\f@nch@offset@elh=\skip70
\f@nch@offset@erh=\skip71
\f@nch@offset@olh=\skip72
\f@nch@offset@orh=\skip73
\f@nch@offset@elf=\skip74
\f@nch@offset@erf=\skip75
\f@nch@offset@olf=\skip76
\f@nch@offset@orf=\skip77
\f@nch@height=\skip78
\f@nch@footalignment=\skip79
\f@nch@widthL=\skip80
\f@nch@widthC=\skip81
\f@nch@widthR=\skip82
\@temptokenb=\toks31
) (C:\Users\Alienware\AppData\Local\Programs\MiKTeX\tex/latex/url\url.sty
\Urlmuskip=\muskip17
Package: url 2013/09/16  ver 3.4  Verb mode for urls, etc.
) (C:\Users\Alienware\AppData\Local\Programs\MiKTeX\tex/latex/hyperref\hyperref.sty
Package: hyperref 2023-11-26 v7.01g Hypertext links for LaTeX
 (C:\Users\Alienware\AppData\Local\Programs\MiKTeX\tex/latex/kvsetkeys\kvsetkeys.sty
Package: kvsetkeys 2022-10-05 v1.19 Key value parser (HO)
) (C:\Users\Alienware\AppData\Local\Programs\MiKTeX\tex/generic/kvdefinekeys\kvdefinekeys.sty
Package: kvdefinekeys 2019-12-19 v1.6 Define keys (HO)
) (C:\Users\Alienware\AppData\Local\Programs\MiKTeX\tex/generic/pdfescape\pdfescape.sty
Package: pdfescape 2019/12/09 v1.15 Implements pdfTeX's escape features (HO)
) (C:\Users\Alienware\AppData\Local\Programs\MiKTeX\tex/latex/hycolor\hycolor.sty
Package: hycolor 2020-01-27 v1.10 Color options for hyperref/bookmark (HO)
) (C:\Users\Alienware\AppData\Local\Programs\MiKTeX\tex/latex/letltxmacro\letltxmacro.sty
Package: letltxmacro 2019/12/03 v1.6 Let assignment for LaTeX macros (HO)
) (C:\Users\Alienware\AppData\Local\Programs\MiKTeX\tex/latex/auxhook\auxhook.sty
Package: auxhook 2019-12-17 v1.6 Hooks for auxiliary files (HO)
) (C:\Users\Alienware\AppData\Local\Programs\MiKTeX\tex/latex/hyperref\nameref.sty
Package: nameref 2023-11-26 v2.56 Cross-referencing by name of section
 (C:\Users\Alienware\AppData\Local\Programs\MiKTeX\tex/latex/refcount\refcount.sty
Package: refcount 2019/12/15 v3.6 Data extraction from label references (HO)
) (C:\Users\Alienware\AppData\Local\Programs\MiKTeX\tex/generic/gettitlestring\gettitlestring.sty
Package: gettitlestring 2019/12/15 v1.6 Cleanup title references (HO)
 (C:\Users\Alienware\AppData\Local\Programs\MiKTeX\tex/latex/kvoptions\kvoptions.sty
Package: kvoptions 2022-06-15 v3.15 Key value format for package options (HO)
))
\c@section@level=\count307
)
\@linkdim=\dimen191
\Hy@linkcounter=\count308
\Hy@pagecounter=\count309
 (C:\Users\Alienware\AppData\Local\Programs\MiKTeX\tex/latex/hyperref\pd1enc.def
File: pd1enc.def 2023-11-26 v7.01g Hyperref: PDFDocEncoding definition (HO)
Now handling font encoding PD1 ...
... no UTF-8 mapping file for font encoding PD1
) (C:\Users\Alienware\AppData\Local\Programs\MiKTeX\tex/generic/intcalc\intcalc.sty
Package: intcalc 2019/12/15 v1.3 Expandable calculations with integers (HO)
)
\Hy@SavedSpaceFactor=\count310
 (C:\Users\Alienware\AppData\Local\Programs\MiKTeX\tex/latex/hyperref\puenc.def
File: puenc.def 2023-11-26 v7.01g Hyperref: PDF Unicode definition (HO)
Now handling font encoding PU ...
... no UTF-8 mapping file for font encoding PU
)
Package hyperref Info: Hyper figures OFF on input line 4181.
Package hyperref Info: Link nesting OFF on input line 4186.
Package hyperref Info: Hyper index ON on input line 4189.
Package hyperref Info: Plain pages OFF on input line 4196.
Package hyperref Info: Backreferencing OFF on input line 4201.
Package hyperref Info: Implicit mode ON; LaTeX internals redefined.
Package hyperref Info: Bookmarks ON on input line 4448.
\c@Hy@tempcnt=\count311
LaTeX Info: Redefining \url on input line 4786.
\XeTeXLinkMargin=\dimen192
 (C:\Users\Alienware\AppData\Local\Programs\MiKTeX\tex/generic/bitset\bitset.sty
Package: bitset 2019/12/09 v1.3 Handle bit-vector datatype (HO)
 (C:\Users\Alienware\AppData\Local\Programs\MiKTeX\tex/generic/bigintcalc\bigintcalc.sty
Package: bigintcalc 2019/12/15 v1.5 Expandable calculations on big integers (HO)
))
\Fld@menulength=\count312
\Field@Width=\dimen193
\Fld@charsize=\dimen194
Package hyperref Info: Hyper figures OFF on input line 6065.
Package hyperref Info: Link nesting OFF on input line 6070.
Package hyperref Info: Hyper index ON on input line 6073.
Package hyperref Info: backreferencing OFF on input line 6080.
Package hyperref Info: Link coloring OFF on input line 6085.
Package hyperref Info: Link coloring with OCG OFF on input line 6090.
Package hyperref Info: PDF/A mode OFF on input line 6095.
 (C:\Users\Alienware\AppData\Local\Programs\MiKTeX\tex/latex/base\atbegshi-ltx.sty
Package: atbegshi-ltx 2021/01/10 v1.0c Emulation of the original atbegshi
package with kernel methods
)
\Hy@abspage=\count313
\c@Item=\count314
\c@Hfootnote=\count315
)
Package hyperref Info: Driver (autodetected): hpdftex.
 (C:\Users\Alienware\AppData\Local\Programs\MiKTeX\tex/latex/hyperref\hpdftex.def
File: hpdftex.def 2023-11-26 v7.01g Hyperref driver for pdfTeX
 (C:\Users\Alienware\AppData\Local\Programs\MiKTeX\tex/latex/base\atveryend-ltx.sty
Package: atveryend-ltx 2020/08/19 v1.0a Emulation of the original atveryend package
with kernel methods
)
\Fld@listcount=\count316
\c@bookmark@seq@number=\count317
 (C:\Users\Alienware\AppData\Local\Programs\MiKTeX\tex/latex/rerunfilecheck\rerunfilecheck.sty
Package: rerunfilecheck 2025-06-21 v1.11 Rerun checks for auxiliary files (HO)
 (C:\Users\Alienware\AppData\Local\Programs\MiKTeX\tex/generic/uniquecounter\uniquecounter.sty
Package: uniquecounter 2019/12/15 v1.4 Provide unlimited unique counter (HO)
)
Package uniquecounter Info: New unique counter `rerunfilecheck' on input line 284.
)
\Hy@SectionHShift=\skip83
) (C:\Users\Alienware\AppData\Local\Programs\MiKTeX\tex/latex/geometry\geometry.sty
Package: geometry 2020/01/02 v5.9 Page Geometry
 (C:\Users\Alienware\AppData\Local\Programs\MiKTeX\tex/generic/iftex\ifvtex.sty
Package: ifvtex 2019/10/25 v1.7 ifvtex legacy package. Use iftex instead.
)
\Gm@cnth=\count318
\Gm@cntv=\count319
\c@Gm@tempcnt=\count320
\Gm@bindingoffset=\dimen195
\Gm@wd@mp=\dimen196
\Gm@odd@mp=\dimen197
\Gm@even@mp=\dimen198
\Gm@layoutwidth=\dimen199
\Gm@layoutheight=\dimen256
\Gm@layouthoffset=\dimen257
\Gm@layoutvoffset=\dimen258
\Gm@dimlist=\toks32
 (C:\Users\Alienware\AppData\Local\Programs\MiKTeX\tex/latex/geometry\geometry.cfg))) (C:\Users\Alienware\AppData\Local\Programs\MiKTeX\tex/latex/base\fontenc.sty
Package: fontenc 2021/04/29 v2.0v Standard LaTeX package
) (C:\Users\Alienware\AppData\Local\Programs\MiKTeX\tex/latex/amsfonts\amssymb.sty
Package: amssymb 2013/01/14 v3.01 AMS font symbols
 (C:\Users\Alienware\AppData\Local\Programs\MiKTeX\tex/latex/amsfonts\amsfonts.sty
Package: amsfonts 2013/01/14 v3.01 Basic AMSFonts support
\symAMSa=\mathgroup4
\symAMSb=\mathgroup5
LaTeX Font Info:    Redeclaring math symbol \hbar on input line 98.
LaTeX Font Info:    Overwriting math alphabet `\mathfrak' in version `bold'
(Font)                  U/euf/m/n --> U/euf/b/n on input line 106.
)) (C:\Users\Alienware\AppData\Local\Programs\MiKTeX\tex/latex/enumitem\enumitem.sty
Package: enumitem 2025/02/06 v3.11 Customized lists
\labelindent=\skip84
\enit@outerparindent=\dimen259
\enit@toks=\toks33
\enit@inbox=\box67
\enit@count@id=\count321
\enitdp@description=\count322
) (C:\Users\Alienware\AppData\Local\Programs\MiKTeX\tex/latex/pgf/frontendlayer\tikz.sty (C:\Users\Alienware\AppData\Local\Programs\MiKTeX\tex/latex/pgf/basiclayer\pgf.sty (C:\Users\Alienware\AppData\Local\Programs\MiKTeX\tex/latex/pgf/utilities\pgfrcs.sty (C:\Users\Alienware\AppData\Local\Programs\MiKTeX\tex/generic/pgf/utilities\pgfutil-common.tex
\pgfutil@everybye=\toks34
\pgfutil@tempdima=\dimen260
\pgfutil@tempdimb=\dimen261
) (C:\Users\Alienware\AppData\Local\Programs\MiKTeX\tex/generic/pgf/utilities\pgfutil-latex.def
\pgfutil@abb=\box68
) (C:\Users\Alienware\AppData\Local\Programs\MiKTeX\tex/generic/pgf/utilities\pgfrcs.code.tex (C:\Users\Alienware\AppData\Local\Programs\MiKTeX\tex/generic/pgf\pgf.revision.tex)
Package: pgfrcs 2023-01-15 v3.1.10 (3.1.10)
))
Package: pgf 2023-01-15 v3.1.10 (3.1.10)
 (C:\Users\Alienware\AppData\Local\Programs\MiKTeX\tex/latex/pgf/basiclayer\pgfcore.sty (C:\Users\Alienware\AppData\Local\Programs\MiKTeX\tex/latex/pgf/systemlayer\pgfsys.sty (C:\Users\Alienware\AppData\Local\Programs\MiKTeX\tex/generic/pgf/systemlayer\pgfsys.code.tex
Package: pgfsys 2023-01-15 v3.1.10 (3.1.10)
 (C:\Users\Alienware\AppData\Local\Programs\MiKTeX\tex/generic/pgf/utilities\pgfkeys.code.tex
\pgfkeys@pathtoks=\toks35
\pgfkeys@temptoks=\toks36
 (C:\Users\Alienware\AppData\Local\Programs\MiKTeX\tex/generic/pgf/utilities\pgfkeyslibraryfiltered.code.tex
\pgfkeys@tmptoks=\toks37
))
\pgf@x=\dimen262
\pgf@y=\dimen263
\pgf@xa=\dimen264
\pgf@ya=\dimen265
\pgf@xb=\dimen266
\pgf@yb=\dimen267
\pgf@xc=\dimen268
\pgf@yc=\dimen269
\pgf@xd=\dimen270
\pgf@yd=\dimen271
\w@pgf@writea=\write3
\r@pgf@reada=\read3
\c@pgf@counta=\count323
\c@pgf@countb=\count324
\c@pgf@countc=\count325
\c@pgf@countd=\count326
\t@pgf@toka=\toks38
\t@pgf@tokb=\toks39
\t@pgf@tokc=\toks40
\pgf@sys@id@count=\count327
 (C:\Users\Alienware\AppData\Local\Programs\MiKTeX\tex/generic/pgf/systemlayer\pgf.cfg
File: pgf.cfg 2023-01-15 v3.1.10 (3.1.10)
)
Driver file for pgf: pgfsys-pdftex.def
 (C:\Users\Alienware\AppData\Local\Programs\MiKTeX\tex/generic/pgf/systemlayer\pgfsys-pdftex.def
File: pgfsys-pdftex.def 2023-01-15 v3.1.10 (3.1.10)
 (C:\Users\Alienware\AppData\Local\Programs\MiKTeX\tex/generic/pgf/systemlayer\pgfsys-common-pdf.def
File: pgfsys-common-pdf.def 2023-01-15 v3.1.10 (3.1.10)
))) (C:\Users\Alienware\AppData\Local\Programs\MiKTeX\tex/generic/pgf/systemlayer\pgfsyssoftpath.code.tex
File: pgfsyssoftpath.code.tex 2023-01-15 v3.1.10 (3.1.10)
\pgfsyssoftpath@smallbuffer@items=\count328
\pgfsyssoftpath@bigbuffer@items=\count329
) (C:\Users\Alienware\AppData\Local\Programs\MiKTeX\tex/generic/pgf/systemlayer\pgfsysprotocol.code.tex
File: pgfsysprotocol.code.tex 2023-01-15 v3.1.10 (3.1.10)
)) (C:\Users\Alienware\AppData\Local\Programs\MiKTeX\tex/generic/pgf/basiclayer\pgfcore.code.tex
Package: pgfcore 2023-01-15 v3.1.10 (3.1.10)
 (C:\Users\Alienware\AppData\Local\Programs\MiKTeX\tex/generic/pgf/math\pgfmath.code.tex (C:\Users\Alienware\AppData\Local\Programs\MiKTeX\tex/generic/pgf/math\pgfmathutil.code.tex) (C:\Users\Alienware\AppData\Local\Programs\MiKTeX\tex/generic/pgf/math\pgfmathparser.code.tex
\pgfmath@dimen=\dimen272
\pgfmath@count=\count330
\pgfmath@box=\box69
\pgfmath@toks=\toks41
\pgfmath@stack@operand=\toks42
\pgfmath@stack@operation=\toks43
) (C:\Users\Alienware\AppData\Local\Programs\MiKTeX\tex/generic/pgf/math\pgfmathfunctions.code.tex) (C:\Users\Alienware\AppData\Local\Programs\MiKTeX\tex/generic/pgf/math\pgfmathfunctions.basic.code.tex) (C:\Users\Alienware\AppData\Local\Programs\MiKTeX\tex/generic/pgf/math\pgfmathfunctions.trigonometric.code.tex) (C:\Users\Alienware\AppData\Local\Programs\MiKTeX\tex/generic/pgf/math\pgfmathfunctions.random.code.tex) (C:\Users\Alienware\AppData\Local\Programs\MiKTeX\tex/generic/pgf/math\pgfmathfunctions.comparison.code.tex) (C:\Users\Alienware\AppData\Local\Programs\MiKTeX\tex/generic/pgf/math\pgfmathfunctions.base.code.tex) (C:\Users\Alienware\AppData\Local\Programs\MiKTeX\tex/generic/pgf/math\pgfmathfunctions.round.code.tex) (C:\Users\Alienware\AppData\Local\Programs\MiKTeX\tex/generic/pgf/math\pgfmathfunctions.misc.code.tex) (C:\Users\Alienware\AppData\Local\Programs\MiKTeX\tex/generic/pgf/math\pgfmathfunctions.integerarithmetics.code.tex) (C:\Users\Alienware\AppData\Local\Programs\MiKTeX\tex/generic/pgf/math\pgfmathcalc.code.tex) (C:\Users\Alienware\AppData\Local\Programs\MiKTeX\tex/generic/pgf/math\pgfmathfloat.code.tex
\c@pgfmathroundto@lastzeros=\count331
)) (C:\Users\Alienware\AppData\Local\Programs\MiKTeX\tex/generic/pgf/math\pgfint.code.tex) (C:\Users\Alienware\AppData\Local\Programs\MiKTeX\tex/generic/pgf/basiclayer\pgfcorepoints.code.tex
File: pgfcorepoints.code.tex 2023-01-15 v3.1.10 (3.1.10)
\pgf@picminx=\dimen273
\pgf@picmaxx=\dimen274
\pgf@picminy=\dimen275
\pgf@picmaxy=\dimen276
\pgf@pathminx=\dimen277
\pgf@pathmaxx=\dimen278
\pgf@pathminy=\dimen279
\pgf@pathmaxy=\dimen280
\pgf@xx=\dimen281
\pgf@xy=\dimen282
\pgf@yx=\dimen283
\pgf@yy=\dimen284
\pgf@zx=\dimen285
\pgf@zy=\dimen286
) (C:\Users\Alienware\AppData\Local\Programs\MiKTeX\tex/generic/pgf/basiclayer\pgfcorepathconstruct.code.tex
File: pgfcorepathconstruct.code.tex 2023-01-15 v3.1.10 (3.1.10)
\pgf@path@lastx=\dimen287
\pgf@path@lasty=\dimen288
) (C:\Users\Alienware\AppData\Local\Programs\MiKTeX\tex/generic/pgf/basiclayer\pgfcorepathusage.code.tex
File: pgfcorepathusage.code.tex 2023-01-15 v3.1.10 (3.1.10)
\pgf@shorten@end@additional=\dimen289
\pgf@shorten@start@additional=\dimen290
) (C:\Users\Alienware\AppData\Local\Programs\MiKTeX\tex/generic/pgf/basiclayer\pgfcorescopes.code.tex
File: pgfcorescopes.code.tex 2023-01-15 v3.1.10 (3.1.10)
\pgfpic=\box70
\pgf@hbox=\box71
\pgf@layerbox@main=\box72
\pgf@picture@serial@count=\count332
) (C:\Users\Alienware\AppData\Local\Programs\MiKTeX\tex/generic/pgf/basiclayer\pgfcoregraphicstate.code.tex
File: pgfcoregraphicstate.code.tex 2023-01-15 v3.1.10 (3.1.10)
\pgflinewidth=\dimen291
) (C:\Users\Alienware\AppData\Local\Programs\MiKTeX\tex/generic/pgf/basiclayer\pgfcoretransformations.code.tex
File: pgfcoretransformations.code.tex 2023-01-15 v3.1.10 (3.1.10)
\pgf@pt@x=\dimen292
\pgf@pt@y=\dimen293
\pgf@pt@temp=\dimen294
) (C:\Users\Alienware\AppData\Local\Programs\MiKTeX\tex/generic/pgf/basiclayer\pgfcorequick.code.tex
File: pgfcorequick.code.tex 2023-01-15 v3.1.10 (3.1.10)
) (C:\Users\Alienware\AppData\Local\Programs\MiKTeX\tex/generic/pgf/basiclayer\pgfcoreobjects.code.tex
File: pgfcoreobjects.code.tex 2023-01-15 v3.1.10 (3.1.10)
) (C:\Users\Alienware\AppData\Local\Programs\MiKTeX\tex/generic/pgf/basiclayer\pgfcorepathprocessing.code.tex
File: pgfcorepathprocessing.code.tex 2023-01-15 v3.1.10 (3.1.10)
) (C:\Users\Alienware\AppData\Local\Programs\MiKTeX\tex/generic/pgf/basiclayer\pgfcorearrows.code.tex
File: pgfcorearrows.code.tex 2023-01-15 v3.1.10 (3.1.10)
\pgfarrowsep=\dimen295
) (C:\Users\Alienware\AppData\Local\Programs\MiKTeX\tex/generic/pgf/basiclayer\pgfcoreshade.code.tex
File: pgfcoreshade.code.tex 2023-01-15 v3.1.10 (3.1.10)
\pgf@max=\dimen296
\pgf@sys@shading@range@num=\count333
\pgf@shadingcount=\count334
) (C:\Users\Alienware\AppData\Local\Programs\MiKTeX\tex/generic/pgf/basiclayer\pgfcoreimage.code.tex
File: pgfcoreimage.code.tex 2023-01-15 v3.1.10 (3.1.10)
)
(C:\Users\Alienware\AppData\Local\Programs\MiKTeX\tex/generic/pgf/basiclayer\pgfcoreexternal.code.tex
File: pgfcoreexternal.code.tex 2023-01-15 v3.1.10 (3.1.10)
\pgfexternal@startupbox=\box73
) (C:\Users\Alienware\AppData\Local\Programs\MiKTeX\tex/generic/pgf/basiclayer\pgfcorelayers.code.tex
File: pgfcorelayers.code.tex 2023-01-15 v3.1.10 (3.1.10)
) (C:\Users\Alienware\AppData\Local\Programs\MiKTeX\tex/generic/pgf/basiclayer\pgfcoretransparency.code.tex
File: pgfcoretransparency.code.tex 2023-01-15 v3.1.10 (3.1.10)
) (C:\Users\Alienware\AppData\Local\Programs\MiKTeX\tex/generic/pgf/basiclayer\pgfcorepatterns.code.tex
File: pgfcorepatterns.code.tex 2023-01-15 v3.1.10 (3.1.10)
) (C:\Users\Alienware\AppData\Local\Programs\MiKTeX\tex/generic/pgf/basiclayer\pgfcorerdf.code.tex
File: pgfcorerdf.code.tex 2023-01-15 v3.1.10 (3.1.10)
))) (C:\Users\Alienware\AppData\Local\Programs\MiKTeX\tex/generic/pgf/modules\pgfmoduleshapes.code.tex
File: pgfmoduleshapes.code.tex 2023-01-15 v3.1.10 (3.1.10)
\pgfnodeparttextbox=\box74
) (C:\Users\Alienware\AppData\Local\Programs\MiKTeX\tex/generic/pgf/modules\pgfmoduleplot.code.tex
File: pgfmoduleplot.code.tex 2023-01-15 v3.1.10 (3.1.10)
) (C:\Users\Alienware\AppData\Local\Programs\MiKTeX\tex/latex/pgf/compatibility\pgfcomp-version-0-65.sty
Package: pgfcomp-version-0-65 2023-01-15 v3.1.10 (3.1.10)
\pgf@nodesepstart=\dimen297
\pgf@nodesepend=\dimen298
) (C:\Users\Alienware\AppData\Local\Programs\MiKTeX\tex/latex/pgf/compatibility\pgfcomp-version-1-18.sty
Package: pgfcomp-version-1-18 2023-01-15 v3.1.10 (3.1.10)
)) (C:\Users\Alienware\AppData\Local\Programs\MiKTeX\tex/latex/pgf/utilities\pgffor.sty (C:\Users\Alienware\AppData\Local\Programs\MiKTeX\tex/latex/pgf/utilities\pgfkeys.sty (C:\Users\Alienware\AppData\Local\Programs\MiKTeX\tex/generic/pgf/utilities\pgfkeys.code.tex)) (C:\Users\Alienware\AppData\Local\Programs\MiKTeX\tex/latex/pgf/math\pgfmath.sty (C:\Users\Alienware\AppData\Local\Programs\MiKTeX\tex/generic/pgf/math\pgfmath.code.tex)) (C:\Users\Alienware\AppData\Local\Programs\MiKTeX\tex/generic/pgf/utilities\pgffor.code.tex
Package: pgffor 2023-01-15 v3.1.10 (3.1.10)
\pgffor@iter=\dimen299
\pgffor@skip=\dimen300
\pgffor@stack=\toks44
\pgffor@toks=\toks45
)) (C:\Users\Alienware\AppData\Local\Programs\MiKTeX\tex/generic/pgf/frontendlayer/tikz\tikz.code.tex
Package: tikz 2023-01-15 v3.1.10 (3.1.10)
 (C:\Users\Alienware\AppData\Local\Programs\MiKTeX\tex/generic/pgf/libraries\pgflibraryplothandlers.code.tex
File: pgflibraryplothandlers.code.tex 2023-01-15 v3.1.10 (3.1.10)
\pgf@plot@mark@count=\count335
\pgfplotmarksize=\dimen301
)
\tikz@lastx=\dimen302
\tikz@lasty=\dimen303
\tikz@lastxsaved=\dimen304
\tikz@lastysaved=\dimen305
\tikz@lastmovetox=\dimen306
\tikz@lastmovetoy=\dimen307
\tikzleveldistance=\dimen308
\tikzsiblingdistance=\dimen309
\tikz@figbox=\box75
\tikz@figbox@bg=\box76
\tikz@tempbox=\box77
\tikz@tempbox@bg=\box78
\tikztreelevel=\count336
\tikznumberofchildren=\count337
\tikznumberofcurrentchild=\count338
\tikz@fig@count=\count339
 (C:\Users\Alienware\AppData\Local\Programs\MiKTeX\tex/generic/pgf/modules\pgfmodulematrix.code.tex
File: pgfmodulematrix.code.tex 2023-01-15 v3.1.10 (3.1.10)
\pgfmatrixcurrentrow=\count340
\pgfmatrixcurrentcolumn=\count341
\pgf@matrix@numberofcolumns=\count342
)
\tikz@expandcount=\count343
 (C:\Users\Alienware\AppData\Local\Programs\MiKTeX\tex/generic/pgf/frontendlayer/tikz/libraries\tikzlibrarytopaths.code.tex
File: tikzlibrarytopaths.code.tex 2023-01-15 v3.1.10 (3.1.10)
))) (C:\Users\Alienware\AppData\Local\Programs\MiKTeX\tex/generic/pgf/frontendlayer/tikz/libraries\tikzlibraryshapes.geometric.code.tex
File: tikzlibraryshapes.geometric.code.tex 2023-01-15 v3.1.10 (3.1.10)
 (C:\Users\Alienware\AppData\Local\Programs\MiKTeX\tex/generic/pgf/libraries/shapes\pgflibraryshapes.geometric.code.tex
File: pgflibraryshapes.geometric.code.tex 2023-01-15 v3.1.10 (3.1.10)
)) (C:\Users\Alienware\AppData\Local\Programs\MiKTeX\tex/generic/pgf/frontendlayer/tikz/libraries\tikzlibraryarrows.code.tex
File: tikzlibraryarrows.code.tex 2023-01-15 v3.1.10 (3.1.10)
 (C:\Users\Alienware\AppData\Local\Programs\MiKTeX\tex/generic/pgf/libraries\pgflibraryarrows.code.tex
File: pgflibraryarrows.code.tex 2023-01-15 v3.1.10 (3.1.10)
\arrowsize=\dimen310
)) (C:\Users\Alienware\AppData\Local\Programs\MiKTeX\tex/generic/pgf/frontendlayer/tikz/libraries\tikzlibrarypositioning.code.tex
File: tikzlibrarypositioning.code.tex 2023-01-15 v3.1.10 (3.1.10)
) (C:\Users\Alienware\AppData\Local\Programs\MiKTeX\tex/generic/pgf/frontendlayer/tikz/libraries\tikzlibraryfit.code.tex
File: tikzlibraryfit.code.tex 2023-01-15 v3.1.10 (3.1.10)
) (C:\Users\Alienware\AppData\Local\Programs\MiKTeX\tex/generic/pgf/frontendlayer/tikz/libraries\tikzlibrarybackgrounds.code.tex
File: tikzlibrarybackgrounds.code.tex 2023-01-15 v3.1.10 (3.1.10)
\pgf@layerbox@background=\box79
\pgf@layerboxsaved@background=\box80
) (C:\Users\Alienware\AppData\Local\Programs\MiKTeX\tex/latex/tcolorbox\tcolorbox.sty
Package: tcolorbox 2024/01/10 version 6.2.0 text color boxes
 (C:\Users\Alienware\AppData\Local\Programs\MiKTeX\tex/latex/tools\verbatim.sty
Package: verbatim 2023-11-06 v1.5v LaTeX2e package for verbatim enhancements
\every@verbatim=\toks46
\verbatim@line=\toks47
\verbatim@in@stream=\read4
) (C:\Users\Alienware\AppData\Local\Programs\MiKTeX\tex/latex/environ\environ.sty
Package: environ 2014/05/04 v0.3 A new way to define environments
 (C:\Users\Alienware\AppData\Local\Programs\MiKTeX\tex/latex/trimspaces\trimspaces.sty
Package: trimspaces 2009/09/17 v1.1 Trim spaces around a token list
))
\tcb@titlebox=\box81
\tcb@upperbox=\box82
\tcb@lowerbox=\box83
\tcb@phantombox=\box84
\c@tcbbreakpart=\count344
\c@tcblayer=\count345
\c@tcolorbox@number=\count346
\l__tcobox_tmpa_box=\box85
\l__tcobox_tmpa_dim=\dimen311
\tcb@temp=\box86
\tcb@temp=\box87
\tcb@temp=\box88
\tcb@temp=\box89
) (C:\Users\Alienware\AppData\Local\Programs\MiKTeX\tex/latex/psnfss\pifont.sty
Package: pifont 2020/03/25 PSNFSS-v9.3 Pi font support (SPQR) 
LaTeX Font Info:    Trying to load font information for U+pzd on input line 63.
 (C:\Users\Alienware\AppData\Local\Programs\MiKTeX\tex/latex/psnfss\upzd.fd
File: upzd.fd 2001/06/04 font definitions for U/pzd.
)
LaTeX Font Info:    Trying to load font information for U+psy on input line 64.
 (C:\Users\Alienware\AppData\Local\Programs\MiKTeX\tex/latex/psnfss\upsy.fd
File: upsy.fd 2001/06/04 font definitions for U/psy.
)) (C:\Users\Alienware\AppData\Local\Programs\MiKTeX\tex/latex/listings\listings.sty
\lst@mode=\count347
\lst@gtempboxa=\box90
\lst@token=\toks48
\lst@length=\count348
\lst@currlwidth=\dimen312
\lst@column=\count349
\lst@pos=\count350
\lst@lostspace=\dimen313
\lst@width=\dimen314
\lst@newlines=\count351
\lst@lineno=\count352
\lst@maxwidth=\dimen315
 (C:\Users\Alienware\AppData\Local\Programs\MiKTeX\tex/latex/listings\lstmisc.sty
File: lstmisc.sty 2023/02/27 1.9 (Carsten Heinz)
\c@lstnumber=\count353
\lst@skipnumbers=\count354
\lst@framebox=\box91
) (C:\Users\Alienware\AppData\Local\Programs\MiKTeX\tex/latex/listings\listings.cfg
File: listings.cfg 2023/02/27 1.9 listings configuration
))
Package: listings 2023/02/27 1.9 (Carsten Heinz)
 (C:\Users\Alienware\AppData\Local\Programs\MiKTeX\tex/latex/tools\tabularx.sty
Package: tabularx 2023/07/08 v2.11c `tabularx' package (DPC)
\TX@col@width=\dimen316
\TX@old@table=\dimen317
\TX@old@col=\dimen318
\TX@target=\dimen319
\TX@delta=\dimen320
\TX@cols=\count355
\TX@ftn=\toks49
) (C:\Users\Alienware\AppData\Local\Programs\MiKTeX\tex/latex/booktabs\booktabs.sty
Package: booktabs 2020/01/12 v1.61803398 Publication quality tables
\heavyrulewidth=\dimen321
\lightrulewidth=\dimen322
\cmidrulewidth=\dimen323
\belowrulesep=\dimen324
\belowbottomsep=\dimen325
\aboverulesep=\dimen326
\abovetopsep=\dimen327
\cmidrulesep=\dimen328
\cmidrulekern=\dimen329
\defaultaddspace=\dimen330
\@cmidla=\count356
\@cmidlb=\count357
\@aboverulesep=\dimen331
\@belowrulesep=\dimen332
\@thisruleclass=\count358
\@lastruleclass=\count359
\@thisrulewidth=\dimen333
) (C:\Users\Alienware\AppData\Local\Programs\MiKTeX\tex/latex/tools\longtable.sty
Package: longtable 2023-11-01 v4.19 Multi-page Table package (DPC)
\LTleft=\skip85
\LTright=\skip86
\LTpre=\skip87
\LTpost=\skip88
\LTchunksize=\count360
\LTcapwidth=\dimen334
\LT@head=\box92
\LT@firsthead=\box93
\LT@foot=\box94
\LT@lastfoot=\box95
\LT@gbox=\box96
\LT@cols=\count361
\LT@rows=\count362
\c@LT@tables=\count363
\c@LT@chunks=\count364
\LT@p@ftn=\toks50
) (C:\Users\Alienware\AppData\Local\Programs\MiKTeX\tex/latex/multirow\multirow.sty
Package: multirow 2024/11/12 v2.9 Span multiple rows of a table
\multirow@colwidth=\skip89
\multirow@cntb=\count365
\multirow@dima=\skip90
\bigstrutjot=\dimen335
)
Package french3.ldf Info: Setting StandardItemizeEnv=true for
(french3.ldf)             compatibility with enumitem package,
(french3.ldf)             reported on input line 84.
Package french3.ldf Info: Setting StandardEnumerateEnv=true for
(french3.ldf)             compatibility with enumitem package,
(french3.ldf)             reported on input line 84.
 (C:\Users\Alienware\AppData\Local\Programs\MiKTeX\tex/latex/l3backend\l3backend-pdftex.def
File: l3backend-pdftex.def 2024-01-04 L3 backend support: PDF output (pdfTeX)
\l__color_backend_stack_int=\count366
\l__pdf_internal_box=\box97
) (main.aux)
\openout1 = `main.aux'.

LaTeX Font Info:    Checking defaults for OML/cmm/m/it on input line 84.
LaTeX Font Info:    ... okay on input line 84.
LaTeX Font Info:    Checking defaults for OMS/cmsy/m/n on input line 84.
LaTeX Font Info:    ... okay on input line 84.
LaTeX Font Info:    Checking defaults for OT1/cmr/m/n on input line 84.
LaTeX Font Info:    ... okay on input line 84.
LaTeX Font Info:    Checking defaults for T1/cmr/m/n on input line 84.
LaTeX Font Info:    ... okay on input line 84.
LaTeX Font Info:    Checking defaults for TS1/cmr/m/n on input line 84.
LaTeX Font Info:    ... okay on input line 84.
LaTeX Font Info:    Checking defaults for OMX/cmex/m/n on input line 84.
LaTeX Font Info:    ... okay on input line 84.
LaTeX Font Info:    Checking defaults for U/cmr/m/n on input line 84.
LaTeX Font Info:    ... okay on input line 84.
LaTeX Font Info:    Checking defaults for PD1/pdf/m/n on input line 84.
LaTeX Font Info:    ... okay on input line 84.
LaTeX Font Info:    Checking defaults for PU/pdf/m/n on input line 84.
LaTeX Font Info:    ... okay on input line 84.
LaTeX Info: Redefining \degres on input line 84.
 (C:\Users\Alienware\AppData\Local\Programs\MiKTeX\tex/latex/translations/dicts\translations-basic-dictionary-french.trsl
File: translations-basic-dictionary-french.trsl (french translation file `translations-basic-dictionary')
)
Package translations Info: loading dictionary `translations-basic-dictionary' for `french'. on input line 84.
 (C:\Users\Alienware\AppData\Local\Programs\MiKTeX\tex/context/base/mkii\supp-pdf.mkii
[Loading MPS to PDF converter (version 2006.09.02).]
\scratchcounter=\count367
\scratchdimen=\dimen336
\scratchbox=\box98
\nofMPsegments=\count368
\nofMParguments=\count369
\everyMPshowfont=\toks51
\MPscratchCnt=\count370
\MPscratchDim=\dimen337
\MPnumerator=\count371
\makeMPintoPDFobject=\count372
\everyMPtoPDFconversion=\toks52
) (C:\Users\Alienware\AppData\Local\Programs\MiKTeX\tex/latex/epstopdf-pkg\epstopdf-base.sty
Package: epstopdf-base 2020-01-24 v2.11 Base part for package epstopdf
Package epstopdf-base Info: Redefining graphics rule for `.eps' on input line 485.
 (C:\Users\Alienware\AppData\Local\Programs\MiKTeX\tex/latex/00miktex\epstopdf-sys.cfg
File: epstopdf-sys.cfg 2021/03/18 v2.0 Configuration of epstopdf for MiKTeX
))
Package caption Info: Begin \AtBeginDocument code.
Package caption Info: hyperref package is loaded.
Package caption Info: listings package is loaded.
Package caption Info: longtable package is loaded.
 (C:\Users\Alienware\AppData\Local\Programs\MiKTeX\tex/latex/caption\ltcaption.sty
Package: ltcaption 2021/01/08 v1.4c longtable captions (AR)
)
Package caption Info: End \AtBeginDocument code.
Package hyperref Info: Link coloring OFF on input line 84.
 (main.out) (main.out)
\@outlinefile=\write4
\openout4 = `main.out'.


*geometry* driver: auto-detecting
*geometry* detected driver: pdftex
*geometry* verbose mode - [ preamble ] result:
* driver: pdftex
* paper: <default>
* layout: <same size as paper>
* layoutoffset:(h,v)=(0.0pt,0.0pt)
* modes: 
* h-part:(L,W,R)=(71.13188pt, 455.24411pt, 71.13188pt)
* v-part:(T,H,B)=(56.9055pt, 688.5567pt, 99.58464pt)
* \paperwidth=597.50787pt
* \paperheight=845.04684pt
* \textwidth=455.24411pt
* \textheight=688.5567pt
* \oddsidemargin=-1.1381pt
* \evensidemargin=-1.1381pt
* \topmargin=-52.36449pt
* \headheight=12.0pt
* \headsep=25.0pt
* \topskip=12.0pt
* \footskip=30.0pt
* \marginparwidth=35.0pt
* \marginparsep=10.0pt
* \columnsep=10.0pt
* \skip\footins=10.8pt plus 4.0pt minus 2.0pt
* \hoffset=0.0pt
* \voffset=0.0pt
* \mag=1000
* \@twocolumnfalse
* \@twosidefalse
* \@mparswitchfalse
* \@reversemarginfalse
* (1in=72.27pt=25.4mm, 1cm=28.453pt)

\c@lstlisting=\count373
\@nomenclaturefile=\write5
\openout5 = `main.nlo'.

Package nomencl Info: Writing nomenclature file main.nlo on input line 95.
<logos/enset.png, id=374, 1003.75pt x 401.5pt>
File: logos/enset.png Graphic file (type png)
<use logos/enset.png>
Package pdftex.def Info: logos/enset.png  used on input line 96.
(pdftex.def)             Requested size: 227.62206pt x 91.04425pt.
LaTeX Font Info:    Trying to load font information for U+msa on input line 96.
(C:\Users\Alienware\AppData\Local\Programs\MiKTeX\tex/latex/amsfonts\umsa.fd
File: umsa.fd 2013/01/14 v3.01 AMS symbols A
)
LaTeX Font Info:    Trying to load font information for U+msb on input line 96.
 (C:\Users\Alienware\AppData\Local\Programs\MiKTeX\tex/latex/amsfonts\umsb.fd
File: umsb.fd 2013/01/14 v3.01 AMS symbols B
)
<logos/background.png, id=375, 597.60106pt x 845.26315pt>
File: logos/background.png Graphic file (type png)
<use logos/background.png>
Package pdftex.def Info: logos/background.png  used on input line 96.
(pdftex.def)             Requested size: 597.45369pt x 845.05472pt.
 [1

{C:/Users/Alienware/AppData/Local/MiKTeX/fonts/map/pdftex/pdftex.map} <./logos/background.png> <./logos/enset.png>] (main.toc
File: logos/enset.png Graphic file (type png)
<use logos/enset.png>
Package pdftex.def Info: logos/enset.png  used on input line 46.
(pdftex.def)             Requested size: 100.38087pt x 40.15234pt.

pdfTeX warning (ext4): destination with the same identifier (name{page.1}) has been already used, duplicate ignored
<to be read again> 
                   \relax 
l.46 ...ification (4732)}{24}{subsubsection.4.2.3}
                                                  % [1]
File: logos/enset.png Graphic file (type png)
<use logos/enset.png>
Package pdftex.def Info: logos/enset.png  used on input line 90.
(pdftex.def)             Requested size: 100.38087pt x 40.15234pt.
 [2])
\tf@toc=\write6
\openout6 = `main.toc'.

File: logos/enset.png Graphic file (type png)
<use logos/enset.png>
Package pdftex.def Info: logos/enset.png  used on input line 97.
(pdftex.def)             Requested size: 100.38087pt x 40.15234pt.
 [3]
Overfull \hbox (21.79358pt too wide) in paragraph at lines 110--111
[]\T1/cmr/m/n/12 This sec-tion des-cribes the cloud in-fra-struc-ture de-ployed on AWS for the Wa-zuh SIEM/EDR
 []

<../screenshots/VCP.png, id=499, 1284.29813pt x 707.64375pt>
File: ../screenshots/VCP.png Graphic file (type png)
<use ../screenshots/VCP.png>
Package pdftex.def Info: ../screenshots/VCP.png  used on input line 116.
(pdftex.def)             Requested size: 432.48051pt x 238.29576pt.
<../screenshots/subnets.png, id=500, 1284.29813pt x 705.13437pt>
File: ../screenshots/subnets.png Graphic file (type png)
<use ../screenshots/subnets.png>
Package pdftex.def Info: ../screenshots/subnets.png  used on input line 123.
(pdftex.def)             Requested size: 432.48051pt x 237.45074pt.
File: logos/enset.png Graphic file (type png)
<use logos/enset.png>
Package pdftex.def Info: logos/enset.png  used on input line 127.
(pdftex.def)             Requested size: 100.38087pt x 40.15234pt.
[4 <../screenshots/VCP.png>]
<../screenshots/Instances running init.png, id=508, 1284.29813pt x 301.62688pt>
File: ../screenshots/Instances running init.png Graphic file (type png)
<use ../screenshots/Instances running init.png>
Package pdftex.def Info: ../screenshots/Instances running init.png  used on input line 132.
(pdftex.def)             Requested size: 432.48051pt x 101.57146pt.
<../screenshots/Instance summary for i-02b3d23c6fdce738d (Wazuh-Server).png, id=509, 1284.29813pt x 712.6625pt>
File: ../screenshots/Instance summary for i-02b3d23c6fdce738d (Wazuh-Server).png Graphic file (type png)
<use ../screenshots/Instance summary for i-02b3d23c6fdce738d (Wazuh-Server).png>
Package pdftex.def Info: ../screenshots/Instance summary for i-02b3d23c6fdce738d (Wazuh-Server).png  used on input line 141.
(pdftex.def)             Requested size: 432.48051pt x 239.98581pt.
File: logos/enset.png Graphic file (type png)
<use logos/enset.png>
Package pdftex.def Info: logos/enset.png  used on input line 145.
(pdftex.def)             Requested size: 100.38087pt x 40.15234pt.
 [5 <../screenshots/subnets.png> <../screenshots/Instances running init.png>]
<../screenshots/Instance summary for i-07c2a03addeeac5d2 (Linux-Client).png, id=518, 1284.29813pt x 709.65125pt>
File: ../screenshots/Instance summary for i-07c2a03addeeac5d2 (Linux-Client).png Graphic file (type png)
<use ../screenshots/Instance summary for i-07c2a03addeeac5d2 (Linux-Client).png>
Package pdftex.def Info: ../screenshots/Instance summary for i-07c2a03addeeac5d2 (Linux-Client).png  used on input line 150.
(pdftex.def)             Requested size: 432.48051pt x 238.97177pt.
<../screenshots/Instance summary for i-083a06098143e6e5e (Windows-Client).png, id=519, 1284.29813pt x 714.16812pt>
File: ../screenshots/Instance summary for i-083a06098143e6e5e (Windows-Client).png Graphic file (type png)
<use ../screenshots/Instance summary for i-083a06098143e6e5e (Windows-Client).png>
Package pdftex.def Info: ../screenshots/Instance summary for i-083a06098143e6e5e (Windows-Client).png  used on input line 159.
(pdftex.def)             Requested size: 432.48051pt x 240.49281pt.
File: logos/enset.png Graphic file (type png)
<use logos/enset.png>
Package pdftex.def Info: logos/enset.png  used on input line 163.
(pdftex.def)             Requested size: 100.38087pt x 40.15234pt.
 [6 <../screenshots/Instance summary for i-02b3d23c6fdce738d (Wazuh-Server).png> <../screenshots/Instance summary for i-07c2a03addeeac5d2 (Linux-Client).png>]
<../screenshots/sg-013b8487893e74ae4 - Wazuh-Server-SG.png, id=529, 1284.29813pt x 711.15688pt>
File: ../screenshots/sg-013b8487893e74ae4 - Wazuh-Server-SG.png Graphic file (type png)
<use ../screenshots/sg-013b8487893e74ae4 - Wazuh-Server-SG.png>
Package pdftex.def Info: ../screenshots/sg-013b8487893e74ae4 - Wazuh-Server-SG.png  used on input line 170.
(pdftex.def)             Requested size: 432.48051pt x 239.47879pt.
<../screenshots/sg-0be305e637154660d - Wazuh-Clients-SG.png, id=530, 1284.29813pt x 705.13437pt>
File: ../screenshots/sg-0be305e637154660d - Wazuh-Clients-SG.png Graphic file (type png)
<use ../screenshots/sg-0be305e637154660d - Wazuh-Clients-SG.png>
Package pdftex.def Info: ../screenshots/sg-0be305e637154660d - Wazuh-Clients-SG.png  used on input line 179.
(pdftex.def)             Requested size: 432.48051pt x 237.45074pt.
File: logos/enset.png Graphic file (type png)
<use logos/enset.png>
Package pdftex.def Info: logos/enset.png  used on input line 183.
(pdftex.def)             Requested size: 100.38087pt x 40.15234pt.
 [7 <../screenshots/Instance summary for i-083a06098143e6e5e (Windows-Client).png> <../screenshots/sg-013b8487893e74ae4 - Wazuh-Server-SG.png>]
<../screenshots/Test SSH to Wazuh-Server.png, id=539, 870.25125pt x 465.23813pt>
File: ../screenshots/Test SSH to Wazuh-Server.png Graphic file (type png)
<use ../screenshots/Test SSH to Wazuh-Server.png>
Package pdftex.def Info: ../screenshots/Test SSH to Wazuh-Server.png  used on input line 253.
(pdftex.def)             Requested size: 432.48051pt x 231.21289pt.
File: logos/enset.png Graphic file (type png)
<use logos/enset.png>
Package pdftex.def Info: logos/enset.png  used on input line 257.
(pdftex.def)             Requested size: 100.38087pt x 40.15234pt.
 [8 <../screenshots/sg-0be305e637154660d - Wazuh-Clients-SG.png>]
<../screenshots/Test SSH to Linux-Client.png, id=549, 870.25125pt x 465.23813pt>
File: ../screenshots/Test SSH to Linux-Client.png Graphic file (type png)
<use ../screenshots/Test SSH to Linux-Client.png>
Package pdftex.def Info: ../screenshots/Test SSH to Linux-Client.png  used on input line 262.
(pdftex.def)             Requested size: 432.48051pt x 231.21289pt.
<../screenshots/Test RDP to Windows-Client.png, id=550, 1284.8pt x 803.0pt>
File: ../screenshots/Test RDP to Windows-Client.png Graphic file (type png)
<use ../screenshots/Test RDP to Windows-Client.png>
Package pdftex.def Info: ../screenshots/Test RDP to Windows-Client.png  used on input line 271.
(pdftex.def)             Requested size: 432.48051pt x 270.29626pt.
File: logos/enset.png Graphic file (type png)
<use logos/enset.png>
Package pdftex.def Info: logos/enset.png  used on input line 275.
(pdftex.def)             Requested size: 100.38087pt x 40.15234pt.
 [9 <../screenshots/Test SSH to Wazuh-Server.png> <../screenshots/Test SSH to Linux-Client.png>]
File: logos/enset.png Graphic file (type png)
<use logos/enset.png>
Package pdftex.def Info: logos/enset.png  used on input line 305.
(pdftex.def)             Requested size: 100.38087pt x 40.15234pt.
 [10 <../screenshots/Test RDP to Windows-Client.png>]
<../screenshots/Wazuh services.png, id=566, 1284.8pt x 803.0pt>
File: ../screenshots/Wazuh services.png Graphic file (type png)
<use ../screenshots/Wazuh services.png>
Package pdftex.def Info: ../screenshots/Wazuh services.png  used on input line 317.
(pdftex.def)             Requested size: 432.48051pt x 270.29626pt.
<../screenshots/wazuh-services-running.png, id=567, 1284.8pt x 803.0pt>
File: ../screenshots/wazuh-services-running.png Graphic file (type png)
<use ../screenshots/wazuh-services-running.png>
Package pdftex.def Info: ../screenshots/wazuh-services-running.png  used on input line 324.
(pdftex.def)             Requested size: 432.48051pt x 270.29626pt.
<../screenshots/wazuh-dashboard.png, id=568, 1284.8pt x 803.0pt>
File: ../screenshots/wazuh-dashboard.png Graphic file (type png)
<use ../screenshots/wazuh-dashboard.png>
Package pdftex.def Info: ../screenshots/wazuh-dashboard.png  used on input line 333.
(pdftex.def)             Requested size: 432.48051pt x 270.29626pt.
File: logos/enset.png Graphic file (type png)
<use logos/enset.png>
Package pdftex.def Info: logos/enset.png  used on input line 337.
(pdftex.def)             Requested size: 100.38087pt x 40.15234pt.
 [11 <../screenshots/Wazuh services.png> <../screenshots/wazuh-services-running.png>]
<../screenshots/dashboard 12.png, id=577, 1284.8pt x 803.0pt>
File: ../screenshots/dashboard 12.png Graphic file (type png)
<use ../screenshots/dashboard 12.png>
Package pdftex.def Info: ../screenshots/dashboard 12.png  used on input line 340.
(pdftex.def)             Requested size: 432.48051pt x 270.29626pt.
<../screenshots/event dashboard.png, id=578, 1284.8pt x 803.0pt>
File: ../screenshots/event dashboard.png Graphic file (type png)
<use ../screenshots/event dashboard.png>
Package pdftex.def Info: ../screenshots/event dashboard.png  used on input line 347.
(pdftex.def)             Requested size: 432.48051pt x 270.29626pt.
File: logos/enset.png Graphic file (type png)
<use logos/enset.png>
Package pdftex.def Info: logos/enset.png  used on input line 351.
(pdftex.def)             Requested size: 100.38087pt x 40.15234pt.
 [12 <../screenshots/wazuh-dashboard.png> <../screenshots/dashboard 12.png>]
<../screenshots/Agent is Running linux.png, id=588, 870.25125pt x 465.23813pt>
File: ../screenshots/Agent is Running linux.png Graphic file (type png)
<use ../screenshots/Agent is Running linux.png>
Package pdftex.def Info: ../screenshots/Agent is Running linux.png  used on input line 358.
(pdftex.def)             Requested size: 432.48051pt x 231.21289pt.
<../screenshots/agent conneting windows.png, id=589, 1284.8pt x 803.0pt>
File: ../screenshots/agent conneting windows.png Graphic file (type png)
<use ../screenshots/agent conneting windows.png>
Package pdftex.def Info: ../screenshots/agent conneting windows.png  used on input line 367.
(pdftex.def)             Requested size: 432.48051pt x 270.29626pt.
File: logos/enset.png Graphic file (type png)
<use logos/enset.png>
Package pdftex.def Info: logos/enset.png  used on input line 371.
(pdftex.def)             Requested size: 100.38087pt x 40.15234pt.
 [13 <../screenshots/event dashboard.png> <../screenshots/Agent is Running linux.png>]
<../screenshots/Windows-Client-connecting.png, id=598, 1284.29813pt x 709.65125pt>
File: ../screenshots/Windows-Client-connecting.png Graphic file (type png)
<use ../screenshots/Windows-Client-connecting.png>
Package pdftex.def Info: ../screenshots/Windows-Client-connecting.png  used on input line 374.
(pdftex.def)             Requested size: 432.48051pt x 238.97177pt.
<../screenshots/AGENT ACTIVE 1.png, id=599, 1284.8pt x 803.0pt>
File: ../screenshots/AGENT ACTIVE 1.png Graphic file (type png)
<use ../screenshots/AGENT ACTIVE 1.png>
Package pdftex.def Info: ../screenshots/AGENT ACTIVE 1.png  used on input line 383.
(pdftex.def)             Requested size: 432.48051pt x 270.29626pt.
File: logos/enset.png Graphic file (type png)
<use logos/enset.png>
Package pdftex.def Info: logos/enset.png  used on input line 387.
(pdftex.def)             Requested size: 100.38087pt x 40.15234pt.
 [14 <../screenshots/agent conneting windows.png> <../screenshots/Windows-Client-connecting.png>]
<../screenshots/AGENT ACTIVE 2.png, id=608, 1284.8pt x 803.0pt>
File: ../screenshots/AGENT ACTIVE 2.png Graphic file (type png)
<use ../screenshots/AGENT ACTIVE 2.png>
Package pdftex.def Info: ../screenshots/AGENT ACTIVE 2.png  used on input line 390.
(pdftex.def)             Requested size: 432.48051pt x 270.29626pt.

Underfull \hbox (badness 10000) in alignment at lines 405--405
[][][][][] 
 []

File: logos/enset.png Graphic file (type png)
<use logos/enset.png>
Package pdftex.def Info: logos/enset.png  used on input line 409.
(pdftex.def)             Requested size: 100.38087pt x 40.15234pt.
[15 <../screenshots/AGENT ACTIVE 1.png> <../screenshots/AGENT ACTIVE 2.png>]
File: logos/enset.png Graphic file (type png)
<use logos/enset.png>
Package pdftex.def Info: logos/enset.png  used on input line 410.
(pdftex.def)             Requested size: 100.38087pt x 40.15234pt.
 [16]
<../screenshots/SSH Brute Force Attack terminal.png, id=622, 870.25125pt x 465.23813pt>
File: ../screenshots/SSH Brute Force Attack terminal.png Graphic file (type png)
<use ../screenshots/SSH Brute Force Attack terminal.png>
Package pdftex.def Info: ../screenshots/SSH Brute Force Attack terminal.png  used on input line 432.
(pdftex.def)             Requested size: 432.48051pt x 231.21289pt.
<../screenshots/SSH failed authentication.png, id=623, 1284.8pt x 803.0pt>
File: ../screenshots/SSH failed authentication.png Graphic file (type png)
<use ../screenshots/SSH failed authentication.png>
Package pdftex.def Info: ../screenshots/SSH failed authentication.png  used on input line 441.
(pdftex.def)             Requested size: 432.48051pt x 270.29626pt.
File: logos/enset.png Graphic file (type png)
<use logos/enset.png>
Package pdftex.def Info: logos/enset.png  used on input line 445.
(pdftex.def)             Requested size: 100.38087pt x 40.15234pt.
 [17 <../screenshots/SSH Brute Force Attack terminal.png>]
File: logos/enset.png Graphic file (type png)
<use logos/enset.png>
Package pdftex.def Info: logos/enset.png  used on input line 483.
(pdftex.def)             Requested size: 100.38087pt x 40.15234pt.
 [18 <../screenshots/SSH failed authentication.png>]
<../screenshots/Successful sudo to ROOT executed.png, id=638, 1284.8pt x 803.0pt>
File: ../screenshots/Successful sudo to ROOT executed.png Graphic file (type png)
<use ../screenshots/Successful sudo to ROOT executed.png>
Package pdftex.def Info: ../screenshots/Successful sudo to ROOT executed.png  used on input line 488.
(pdftex.def)             Requested size: 432.48051pt x 270.29626pt.
<../screenshots/privileged rote.png, id=639, 870.25125pt x 465.23813pt>
File: ../screenshots/privileged rote.png Graphic file (type png)
<use ../screenshots/privileged rote.png>
Package pdftex.def Info: ../screenshots/privileged rote.png  used on input line 495.
(pdftex.def)             Requested size: 432.48051pt x 231.21289pt.
File: logos/enset.png Graphic file (type png)
<use logos/enset.png>
Package pdftex.def Info: logos/enset.png  used on input line 499.
(pdftex.def)             Requested size: 100.38087pt x 40.15234pt.
 [19 <../screenshots/Successful sudo to ROOT executed.png>]
File: logos/enset.png Graphic file (type png)
<use logos/enset.png>
Package pdftex.def Info: logos/enset.png  used on input line 561.
(pdftex.def)             Requested size: 100.38087pt x 40.15234pt.
 [20 <../screenshots/privileged rote.png>]
File: logos/enset.png Graphic file (type png)
<use logos/enset.png>
Package pdftex.def Info: logos/enset.png  used on input line 575.
(pdftex.def)             Requested size: 100.38087pt x 40.15234pt.
 [21]
<../screenshots/SSH failed authentication windows.png, id=658, 1284.8pt x 803.0pt>
File: ../screenshots/SSH failed authentication windows.png Graphic file (type png)
<use ../screenshots/SSH failed authentication windows.png>
Package pdftex.def Info: ../screenshots/SSH failed authentication windows.png  used on input line 598.
(pdftex.def)             Requested size: 432.48051pt x 270.29626pt.
File: logos/enset.png Graphic file (type png)
<use logos/enset.png>
Package pdftex.def Info: logos/enset.png  used on input line 626.
(pdftex.def)             Requested size: 100.38087pt x 40.15234pt.
 [22 <../screenshots/SSH failed authentication windows.png>]
<../screenshots/user creation and group modification events.png, id=665, 1284.8pt x 803.0pt>
File: ../screenshots/user creation and group modification events.png Graphic file (type png)
<use ../screenshots/user creation and group modification events.png>
Package pdftex.def Info: ../screenshots/user creation and group modification events.png  used on input line 648.
(pdftex.def)             Requested size: 432.48051pt x 270.29626pt.
File: logos/enset.png Graphic file (type png)
<use logos/enset.png>
Package pdftex.def Info: logos/enset.png  used on input line 652.
(pdftex.def)             Requested size: 100.38087pt x 40.15234pt.
 [23]
File: logos/enset.png Graphic file (type png)
<use logos/enset.png>
Package pdftex.def Info: logos/enset.png  used on input line 701.
(pdftex.def)             Requested size: 100.38087pt x 40.15234pt.
 [24 <../screenshots/user creation and group modification events.png>]
<../screenshots/Sysmon events.png, id=680, 1284.8pt x 803.0pt>
File: ../screenshots/Sysmon events.png Graphic file (type png)
<use ../screenshots/Sysmon events.png>
Package pdftex.def Info: ../screenshots/Sysmon events.png  used on input line 718.
(pdftex.def)             Requested size: 432.48051pt x 270.29626pt.
<../screenshots/Process Creation Events.png, id=681, 1284.8pt x 803.0pt>
File: ../screenshots/Process Creation Events.png Graphic file (type png)
<use ../screenshots/Process Creation Events.png>
Package pdftex.def Info: ../screenshots/Process Creation Events.png  used on input line 725.
(pdftex.def)             Requested size: 432.48051pt x 270.29626pt.
File: logos/enset.png Graphic file (type png)
<use logos/enset.png>
Package pdftex.def Info: logos/enset.png  used on input line 729.
(pdftex.def)             Requested size: 100.38087pt x 40.15234pt.
 [25 <../screenshots/Sysmon events.png>]
File: logos/enset.png Graphic file (type png)
<use logos/enset.png>
Package pdftex.def Info: logos/enset.png  used on input line 771.
(pdftex.def)             Requested size: 100.38087pt x 40.15234pt.
 [26 <../screenshots/Process Creation Events.png>]
File: logos/enset.png Graphic file (type png)
<use logos/enset.png>
Package pdftex.def Info: logos/enset.png  used on input line 837.
(pdftex.def)             Requested size: 100.38087pt x 40.15234pt.
 [27]
Overfull \hbox (34.04343pt too wide) in paragraph at lines 901--902
 [][] 
 []

File: logos/enset.png Graphic file (type png)
<use logos/enset.png>
Package pdftex.def Info: logos/enset.png  used on input line 910.
(pdftex.def)             Requested size: 100.38087pt x 40.15234pt.
[28]
File: logos/enset.png Graphic file (type png)
<use logos/enset.png>
Package pdftex.def Info: logos/enset.png  used on input line 917.
(pdftex.def)             Requested size: 100.38087pt x 40.15234pt.
 [29]
File: logos/enset.png Graphic file (type png)
<use logos/enset.png>
Package pdftex.def Info: logos/enset.png  used on input line 996.
(pdftex.def)             Requested size: 100.38087pt x 40.15234pt.
 [30]
File: logos/enset.png Graphic file (type png)
<use logos/enset.png>
Package pdftex.def Info: logos/enset.png  used on input line 1010.
(pdftex.def)             Requested size: 100.38087pt x 40.15234pt.
 [31]
LaTeX Font Info:    Trying to load font information for T1+cmtt on input line 1026.
 (C:\Users\Alienware\AppData\Local\Programs\MiKTeX\tex/latex/base\t1cmtt.fd
File: t1cmtt.fd 2023/04/13 v2.5m Standard LaTeX font definitions
)
File: logos/enset.png Graphic file (type png)
<use logos/enset.png>
Package pdftex.def Info: logos/enset.png  used on input line 1073.
(pdftex.def)             Requested size: 100.38087pt x 40.15234pt.
 [32]
File: logos/enset.png Graphic file (type png)
<use logos/enset.png>
Package pdftex.def Info: logos/enset.png  used on input line 1126.
(pdftex.def)             Requested size: 100.38087pt x 40.15234pt.
 [33]
File: logos/enset.png Graphic file (type png)
<use logos/enset.png>
Package pdftex.def Info: logos/enset.png  used on input line 1161.
(pdftex.def)             Requested size: 100.38087pt x 40.15234pt.
 [34]
Overfull \hbox (23.82628pt too wide) in paragraph at lines 1169--1170
[]\T1/cmr/m/n/12 This lab suc-cess-fully de-mons-tra-ted the im-ple-men-ta-tion of a cloud-based Wa-zuh SIEM/EDR
 []

File: logos/enset.png Graphic file (type png)
<use logos/enset.png>
Package pdftex.def Info: logos/enset.png  used on input line 1210.
(pdftex.def)             Requested size: 100.38087pt x 40.15234pt.
[35] (main.aux)
 ***********
LaTeX2e <2023-11-01> patch level 1
L3 programming layer <2024-01-04>
 ***********
Package rerunfilecheck Info: File `main.out' has not changed.
(rerunfilecheck)             Checksum: ECA01570BC29534A0D276ED91A844B69;18027.
 ) 
Here is how much of TeX's memory you used:
 36804 strings out of 474486
 763139 string characters out of 5741867
 1974542 words of memory out of 5000000
 58327 multiletter control sequences out of 15000+600000
 575828 words of font info for 74 fonts, out of 8000000 for 9000
 1141 hyphenation exceptions out of 8191
 125i,17n,121p,573b,1305s stack positions out of 10000i,1000n,20000p,200000b,200000s
 <C:\Users\Alienware\AppData\Local\MiKTeX\fonts/pk/ljfour/jknappen/ec/dpi600\ectt1095.pk> <C:\Users\Alienware\AppData\Local\MiKTeX\fonts/pk/ljfour/jknappen/ec/dpi600\ecrm0800.pk> <C:\Users\Alienware\AppData\Local\MiKTeX\fonts/pk/ljfour/jknappen/ec/dpi600\ecrm1095.pk> <C:\Users\Alienware\AppData\Local\MiKTeX\fonts/pk/ljfour/jknappen/ec/dpi600\eccc1200.pk> <C:\Users\Alienware\AppData\Local\MiKTeX\fonts/pk/ljfour/jknappen/ec/dpi600\ecbx1200.pk> <C:\Users\Alienware\AppData\Local\MiKTeX\fonts/pk/ljfour/jknappen/ec/dpi600\ecbx1728.pk> <C:\Users\Alienware\AppData\Local\MiKTeX\fonts/pk/ljfour/jknappen/ec/dpi600\ecrm1200.pk> <C:\Users\Alienware\AppData\Local\MiKTeX\fonts/pk/ljfour/jknappen/ec/dpi600\eccc1440.pk> <C:\Users\Alienware\AppData\Local\MiKTeX\fonts/pk/ljfour/jknappen/ec/dpi600\ecbi1440.pk> <C:\Users\Alienware\AppData\Local\MiKTeX\fonts/pk/ljfour/jknappen/ec/dpi600\ecbx2488.pk> <C:\Users\Alienware\AppData\Local\MiKTeX\fonts/pk/ljfour/jknappen/ec/dpi600\eccc1728.pk> <C:\Users\Alienware\AppData\Local\MiKTeX\fonts/pk/ljfour/jknappen/ec/dpi600\ecbx1440.pk> <C:\Users\Alienware\AppData\Local\MiKTeX\fonts/pk/ljfour/jknappen/ec/dpi600\ecrm1440.pk> <C:\Users\Alienware\AppData\Local\MiKTeX\fonts/pk/ljfour/jknappen/ec/dpi600\eccc2074.pk><C:/Users/Alienware/AppData/Local/Programs/MiKTeX/fonts/type1/public/amsfonts/cm/cmmi12.pfb><C:/Users/Alienware/AppData/Local/Programs/MiKTeX/fonts/type1/public/amsfonts/cm/cmr12.pfb>
Output written on main.pdf (36 pages, 12230302 bytes).
PDF statistics:
 1366 PDF objects out of 1440 (max. 8388607)
 213 named destinations out of 1000 (max. 500000)
 904 words of extra memory for PDF output out of 10000 (max. 10000000)

